The system is: Linux - 5.15.133.1-microsoft-standard-WSL2 - x86_64
Compiling the C compiler identification source file "CMakeCCompilerId.c" succeeded.
Compiler: /opt/fsl-imx-x11/4.1.15-2.1.0/sysroots/x86_64-pokysdk-linux/usr/bin/arm-poky-linux-gnueabi/arm-poky-linux-gnueabi-gcc -march=armv7ve;-mfpu=neon;-mfloat-abi=hard;-mcpu=cortex-a7;--sysroot=/opt/fsl-imx-x11/4.1.15-2.1.0/sysroots/cortexa7hf-neon-poky-linux-gnueabi
Build flags: ;-O2;-pipe;-g;-feliminate-unused-debug-types;-fdebug-prefix-map=/home/cym/yocto/yocto/build_x11/tmp/work/x86_64-nativesdk-pokysdk-linux/meta-environment-imx6ull14x14evk/1.0-r8=/usr/src/debug/meta-environment-imx6ull14x14evk/1.0-r8;-fdebug-prefix-map=/home/cym/yocto/yocto/build_x11/tmp/sysroots/x86_64-linux=;-fdebug-prefix-map=/home/cym/yocto/yocto/build_x11/tmp/sysroots/x86_64-nativesdk-pokysdk-linux=;
Id flags:  

The output was:
0


Compilation of the C compiler identification source "CMakeCCompilerId.c" produced "a.out"

The C compiler identification is GNU, found in "/home/syq/上海洋明1 电表采集/shym1_meter/build/CMakeFiles/3.16.3/CompilerIdC/a.out"

Compiling the CXX compiler identification source file "CMakeCXXCompilerId.cpp" succeeded.
Compiler: /opt/fsl-imx-x11/4.1.15-2.1.0/sysroots/x86_64-pokysdk-linux/usr/bin/arm-poky-linux-gnueabi/arm-poky-linux-gnueabi-g++ -march=armv7ve;-mfpu=neon;-mfloat-abi=hard;-mcpu=cortex-a7;--sysroot=/opt/fsl-imx-x11/4.1.15-2.1.0/sysroots/cortexa7hf-neon-poky-linux-gnueabi
Build flags: ;-O2;-pipe;-g;-feliminate-unused-debug-types;-fdebug-prefix-map=/home/cym/yocto/yocto/build_x11/tmp/work/x86_64-nativesdk-pokysdk-linux/meta-environment-imx6ull14x14evk/1.0-r8=/usr/src/debug/meta-environment-imx6ull14x14evk/1.0-r8;-fdebug-prefix-map=/home/cym/yocto/yocto/build_x11/tmp/sysroots/x86_64-linux=;-fdebug-prefix-map=/home/cym/yocto/yocto/build_x11/tmp/sysroots/x86_64-nativesdk-pokysdk-linux=;
Id flags:  

The output was:
0


Compilation of the CXX compiler identification source "CMakeCXXCompilerId.cpp" produced "a.out"

The CXX compiler identification is GNU, found in "/home/syq/上海洋明1 电表采集/shym1_meter/build/CMakeFiles/3.16.3/CompilerIdCXX/a.out"

Determining if the C compiler works passed with the following output:
Change Dir: /home/syq/上海洋明1 电表采集/shym1_meter/build/CMakeFiles/CMakeTmp

Run Build Command(s):/usr/bin/ninja cmTC_c3c6b && [1/2] Building C object CMakeFiles/cmTC_c3c6b.dir/testCCompiler.c.o
[2/2] Linking C executable cmTC_c3c6b



Detecting C compiler ABI info compiled with the following output:
Change Dir: /home/syq/上海洋明1 电表采集/shym1_meter/build/CMakeFiles/CMakeTmp

Run Build Command(s):/usr/bin/ninja cmTC_5a760 && [1/2] Building C object CMakeFiles/cmTC_5a760.dir/CMakeCCompilerABI.c.o
Using built-in specs.
COLLECT_GCC=/opt/fsl-imx-x11/4.1.15-2.1.0/sysroots/x86_64-pokysdk-linux/usr/bin/arm-poky-linux-gnueabi/arm-poky-linux-gnueabi-gcc
Target: arm-poky-linux-gnueabi
Configured with: ../../../../../../work-shared/gcc-5.3.0-r0/gcc-5.3.0/configure --build=x86_64-linux --host=x86_64-pokysdk-linux --target=arm-poky-linux-gnueabi --prefix=/opt/fsl-imx-x11/4.1.15-2.1.0/sysroots/x86_64-pokysdk-linux/usr --exec_prefix=/opt/fsl-imx-x11/4.1.15-2.1.0/sysroots/x86_64-pokysdk-linux/usr --bindir=/opt/fsl-imx-x11/4.1.15-2.1.0/sysroots/x86_64-pokysdk-linux/usr/bin/arm-poky-linux-gnueabi --sbindir=/opt/fsl-imx-x11/4.1.15-2.1.0/sysroots/x86_64-pokysdk-linux/usr/bin/arm-poky-linux-gnueabi --libexecdir=/opt/fsl-imx-x11/4.1.15-2.1.0/sysroots/x86_64-pokysdk-linux/usr/libexec/arm-poky-linux-gnueabi --datadir=/opt/fsl-imx-x11/4.1.15-2.1.0/sysroots/x86_64-pokysdk-linux/usr/share --sysconfdir=/opt/fsl-imx-x11/4.1.15-2.1.0/sysroots/x86_64-pokysdk-linux/etc --sharedstatedir=/opt/fsl-imx-x11/4.1.15-2.1.0/sysroots/x86_64-pokysdk-linux/com --localstatedir=/opt/fsl-imx-x11/4.1.15-2.1.0/sysroots/x86_64-pokysdk-linux/var --libdir=/opt/fsl-imx-x11/4.1.15-2.1.0/sysroots/x86_64-pokysdk-linux/usr/lib/arm-poky-linux-gnueabi --includedir=/opt/fsl-imx-x11/4.1.15-2.1.0/sysroots/x86_64-pokysdk-linux/usr/include --oldincludedir=/opt/fsl-imx-x11/4.1.15-2.1.0/sysroots/x86_64-pokysdk-linux/usr/include --infodir=/opt/fsl-imx-x11/4.1.15-2.1.0/sysroots/x86_64-pokysdk-linux/usr/share/info --mandir=/opt/fsl-imx-x11/4.1.15-2.1.0/sysroots/x86_64-pokysdk-linux/usr/share/man --disable-silent-rules --disable-dependency-tracking --with-libtool-sysroot=/home/cym/yocto/yocto/build_x11/tmp/sysroots/x86_64-nativesdk-pokysdk-linux --with-gnu-ld --enable-shared --enable-languages=c,c++ --enable-threads=posix --enable-multilib --enable-c99 --enable-long-long --enable-symvers=gnu --enable-libstdcxx-pch --program-prefix=arm-poky-linux-gnueabi- --without-local-prefix --enable-lto --enable-libssp --enable-libitm --disable-bootstrap --disable-libmudflap --with-system-zlib --with-linker-hash-style=gnu --enable-linker-build-id --with-ppl=no --with-cloog=no --enable-checking=release --enable-cheaders=c_global --without-isl --with-gxx-include-dir=/not/exist/usr/include/c++/5.3.0 --with-build-time-tools=/home/cym/yocto/yocto/build_x11/tmp/sysroots/x86_64-linux/usr/arm-poky-linux-gnueabi/bin --with-sysroot=/not/exist --with-build-sysroot=/home/cym/yocto/yocto/build_x11/tmp/sysroots/imx6ull14x14evk --enable-poison-system-directories --with-mpfr=/home/cym/yocto/yocto/build_x11/tmp/sysroots/x86_64-nativesdk-pokysdk-linux --with-mpc=/home/cym/yocto/yocto/build_x11/tmp/sysroots/x86_64-nativesdk-pokysdk-linux --enable-nls --with-arch=armv7-a
Thread model: posix
gcc version 5.3.0 (GCC) 
COLLECT_GCC_OPTIONS='--sysroot=/opt/fsl-imx-x11/4.1.15-2.1.0/sysroots/cortexa7hf-neon-poky-linux-gnueabi' '-march=armv7ve' '-mfpu=neon' '-mfloat-abi=hard' '-mcpu=cortex-a7' '-O2' '-pipe' '-g' '-feliminate-unused-debug-types' '-fdebug-prefix-map=/home/cym/yocto/yocto/build_x11/tmp/work/x86_64-nativesdk-pokysdk-linux/meta-environment-imx6ull14x14evk/1.0-r8=/usr/src/debug/meta-environment-imx6ull14x14evk/1.0-r8' '-fdebug-prefix-map=/home/cym/yocto/yocto/build_x11/tmp/sysroots/x86_64-linux=' '-fdebug-prefix-map=/home/cym/yocto/yocto/build_x11/tmp/sysroots/x86_64-nativesdk-pokysdk-linux=' '-v' '-o' 'CMakeFiles/cmTC_5a760.dir/CMakeCCompilerABI.c.o' '-c' '-mtls-dialect=gnu'
 /opt/fsl-imx-x11/4.1.15-2.1.0/sysroots/x86_64-pokysdk-linux/usr/libexec/arm-poky-linux-gnueabi/gcc/arm-poky-linux-gnueabi/5.3.0/cc1 -quiet -v -isysroot /opt/fsl-imx-x11/4.1.15-2.1.0/sysroots/cortexa7hf-neon-poky-linux-gnueabi /usr/share/cmake-3.16/Modules/CMakeCCompilerABI.c -quiet -dumpbase CMakeCCompilerABI.c -march=armv7ve -mfpu=neon -mfloat-abi=hard -mcpu=cortex-a7 -mtls-dialect=gnu -auxbase-strip CMakeFiles/cmTC_5a760.dir/CMakeCCompilerABI.c.o -g -O2 -version -feliminate-unused-debug-types -fdebug-prefix-map=/home/cym/yocto/yocto/build_x11/tmp/work/x86_64-nativesdk-pokysdk-linux/meta-environment-imx6ull14x14evk/1.0-r8=/usr/src/debug/meta-environment-imx6ull14x14evk/1.0-r8 -fdebug-prefix-map=/home/cym/yocto/yocto/build_x11/tmp/sysroots/x86_64-linux= -fdebug-prefix-map=/home/cym/yocto/yocto/build_x11/tmp/sysroots/x86_64-nativesdk-pokysdk-linux= -o - |
 /opt/fsl-imx-x11/4.1.15-2.1.0/sysroots/x86_64-pokysdk-linux/usr/libexec/arm-poky-linux-gnueabi/gcc/arm-poky-linux-gnueabi/5.3.0/as -v -march=armv7ve -mcpu=cortex-a7 -mfloat-abi=hard -mfpu=neon -meabi=5 -o CMakeFiles/cmTC_5a760.dir/CMakeCCompilerABI.c.o
GNU assembler version 2.26.0 (arm-poky-linux-gnueabi) using BFD version (GNU Binutils) 2.26.0.20160214
GNU C11 (GCC) version 5.3.0 (arm-poky-linux-gnueabi)
	compiled by GNU C version 5.3.0, GMP version 6.1.0, MPFR version 3.1.3, MPC version 1.0.3
GGC heuristics: --param ggc-min-expand=100 --param ggc-min-heapsize=131072
ignoring nonexistent directory "/opt/fsl-imx-x11/4.1.15-2.1.0/sysroots/cortexa7hf-neon-poky-linux-gnueabi/usr/lib/gcc/arm-poky-linux-gnueabi/5.3.0/include"
ignoring nonexistent directory "/opt/fsl-imx-x11/4.1.15-2.1.0/sysroots/cortexa7hf-neon-poky-linux-gnueabi/usr/local/include"
ignoring nonexistent directory "/opt/fsl-imx-x11/4.1.15-2.1.0/sysroots/x86_64-pokysdk-linux/usr/lib/arm-poky-linux-gnueabi/gcc/arm-poky-linux-gnueabi/5.3.0/../../../../../arm-poky-linux-gnueabi/include"
#include "..." search starts here:
#include <...> search starts here:
 /opt/fsl-imx-x11/4.1.15-2.1.0/sysroots/x86_64-pokysdk-linux/usr/lib/arm-poky-linux-gnueabi/gcc/arm-poky-linux-gnueabi/5.3.0/include
 /opt/fsl-imx-x11/4.1.15-2.1.0/sysroots/x86_64-pokysdk-linux/usr/lib/arm-poky-linux-gnueabi/gcc/arm-poky-linux-gnueabi/5.3.0/include-fixed
 /opt/fsl-imx-x11/4.1.15-2.1.0/sysroots/cortexa7hf-neon-poky-linux-gnueabi/usr/include
End of search list.
GNU C11 (GCC) version 5.3.0 (arm-poky-linux-gnueabi)
	compiled by GNU C version 5.3.0, GMP version 6.1.0, MPFR version 3.1.3, MPC version 1.0.3
GGC heuristics: --param ggc-min-expand=100 --param ggc-min-heapsize=131072
Compiler executable checksum: a327a16e41ceea672dfcfb241901eb5f
COMPILER_PATH=/opt/fsl-imx-x11/4.1.15-2.1.0/sysroots/x86_64-pokysdk-linux/usr/libexec/arm-poky-linux-gnueabi/gcc/arm-poky-linux-gnueabi/5.3.0/:/opt/fsl-imx-x11/4.1.15-2.1.0/sysroots/x86_64-pokysdk-linux/usr/libexec/arm-poky-linux-gnueabi/gcc/arm-poky-linux-gnueabi/5.3.0/:/opt/fsl-imx-x11/4.1.15-2.1.0/sysroots/x86_64-pokysdk-linux/usr/libexec/arm-poky-linux-gnueabi/gcc/arm-poky-linux-gnueabi/:/opt/fsl-imx-x11/4.1.15-2.1.0/sysroots/x86_64-pokysdk-linux/usr/lib/arm-poky-linux-gnueabi/gcc/arm-poky-linux-gnueabi/5.3.0/:/opt/fsl-imx-x11/4.1.15-2.1.0/sysroots/x86_64-pokysdk-linux/usr/lib/arm-poky-linux-gnueabi/gcc/arm-poky-linux-gnueabi/
LIBRARY_PATH=/opt/fsl-imx-x11/4.1.15-2.1.0/sysroots/x86_64-pokysdk-linux/usr/lib/arm-poky-linux-gnueabi/gcc/arm-poky-linux-gnueabi/5.3.0/:/opt/fsl-imx-x11/4.1.15-2.1.0/sysroots/cortexa7hf-neon-poky-linux-gnueabi/lib/:/opt/fsl-imx-x11/4.1.15-2.1.0/sysroots/cortexa7hf-neon-poky-linux-gnueabi/usr/lib/arm-poky-linux-gnueabi/5.3.0/:/opt/fsl-imx-x11/4.1.15-2.1.0/sysroots/cortexa7hf-neon-poky-linux-gnueabi/usr/lib/
COLLECT_GCC_OPTIONS='--sysroot=/opt/fsl-imx-x11/4.1.15-2.1.0/sysroots/cortexa7hf-neon-poky-linux-gnueabi' '-march=armv7ve' '-mfpu=neon' '-mfloat-abi=hard' '-mcpu=cortex-a7' '-O2' '-pipe' '-g' '-feliminate-unused-debug-types' '-fdebug-prefix-map=/home/cym/yocto/yocto/build_x11/tmp/work/x86_64-nativesdk-pokysdk-linux/meta-environment-imx6ull14x14evk/1.0-r8=/usr/src/debug/meta-environment-imx6ull14x14evk/1.0-r8' '-fdebug-prefix-map=/home/cym/yocto/yocto/build_x11/tmp/sysroots/x86_64-linux=' '-fdebug-prefix-map=/home/cym/yocto/yocto/build_x11/tmp/sysroots/x86_64-nativesdk-pokysdk-linux=' '-v' '-o' 'CMakeFiles/cmTC_5a760.dir/CMakeCCompilerABI.c.o' '-c' '-mtls-dialect=gnu'
[2/2] Linking C executable cmTC_5a760
Using built-in specs.
COLLECT_GCC=/opt/fsl-imx-x11/4.1.15-2.1.0/sysroots/x86_64-pokysdk-linux/usr/bin/arm-poky-linux-gnueabi/arm-poky-linux-gnueabi-gcc
COLLECT_LTO_WRAPPER=/opt/fsl-imx-x11/4.1.15-2.1.0/sysroots/x86_64-pokysdk-linux/usr/libexec/arm-poky-linux-gnueabi/gcc/arm-poky-linux-gnueabi/5.3.0/lto-wrapper
Target: arm-poky-linux-gnueabi
Configured with: ../../../../../../work-shared/gcc-5.3.0-r0/gcc-5.3.0/configure --build=x86_64-linux --host=x86_64-pokysdk-linux --target=arm-poky-linux-gnueabi --prefix=/opt/fsl-imx-x11/4.1.15-2.1.0/sysroots/x86_64-pokysdk-linux/usr --exec_prefix=/opt/fsl-imx-x11/4.1.15-2.1.0/sysroots/x86_64-pokysdk-linux/usr --bindir=/opt/fsl-imx-x11/4.1.15-2.1.0/sysroots/x86_64-pokysdk-linux/usr/bin/arm-poky-linux-gnueabi --sbindir=/opt/fsl-imx-x11/4.1.15-2.1.0/sysroots/x86_64-pokysdk-linux/usr/bin/arm-poky-linux-gnueabi --libexecdir=/opt/fsl-imx-x11/4.1.15-2.1.0/sysroots/x86_64-pokysdk-linux/usr/libexec/arm-poky-linux-gnueabi --datadir=/opt/fsl-imx-x11/4.1.15-2.1.0/sysroots/x86_64-pokysdk-linux/usr/share --sysconfdir=/opt/fsl-imx-x11/4.1.15-2.1.0/sysroots/x86_64-pokysdk-linux/etc --sharedstatedir=/opt/fsl-imx-x11/4.1.15-2.1.0/sysroots/x86_64-pokysdk-linux/com --localstatedir=/opt/fsl-imx-x11/4.1.15-2.1.0/sysroots/x86_64-pokysdk-linux/var --libdir=/opt/fsl-imx-x11/4.1.15-2.1.0/sysroots/x86_64-pokysdk-linux/usr/lib/arm-poky-linux-gnueabi --includedir=/opt/fsl-imx-x11/4.1.15-2.1.0/sysroots/x86_64-pokysdk-linux/usr/include --oldincludedir=/opt/fsl-imx-x11/4.1.15-2.1.0/sysroots/x86_64-pokysdk-linux/usr/include --infodir=/opt/fsl-imx-x11/4.1.15-2.1.0/sysroots/x86_64-pokysdk-linux/usr/share/info --mandir=/opt/fsl-imx-x11/4.1.15-2.1.0/sysroots/x86_64-pokysdk-linux/usr/share/man --disable-silent-rules --disable-dependency-tracking --with-libtool-sysroot=/home/cym/yocto/yocto/build_x11/tmp/sysroots/x86_64-nativesdk-pokysdk-linux --with-gnu-ld --enable-shared --enable-languages=c,c++ --enable-threads=posix --enable-multilib --enable-c99 --enable-long-long --enable-symvers=gnu --enable-libstdcxx-pch --program-prefix=arm-poky-linux-gnueabi- --without-local-prefix --enable-lto --enable-libssp --enable-libitm --disable-bootstrap --disable-libmudflap --with-system-zlib --with-linker-hash-style=gnu --enable-linker-build-id --with-ppl=no --with-cloog=no --enable-checking=release --enable-cheaders=c_global --without-isl --with-gxx-include-dir=/not/exist/usr/include/c++/5.3.0 --with-build-time-tools=/home/cym/yocto/yocto/build_x11/tmp/sysroots/x86_64-linux/usr/arm-poky-linux-gnueabi/bin --with-sysroot=/not/exist --with-build-sysroot=/home/cym/yocto/yocto/build_x11/tmp/sysroots/imx6ull14x14evk --enable-poison-system-directories --with-mpfr=/home/cym/yocto/yocto/build_x11/tmp/sysroots/x86_64-nativesdk-pokysdk-linux --with-mpc=/home/cym/yocto/yocto/build_x11/tmp/sysroots/x86_64-nativesdk-pokysdk-linux --enable-nls --with-arch=armv7-a
Thread model: posix
gcc version 5.3.0 (GCC) 
COMPILER_PATH=/opt/fsl-imx-x11/4.1.15-2.1.0/sysroots/x86_64-pokysdk-linux/usr/libexec/arm-poky-linux-gnueabi/gcc/arm-poky-linux-gnueabi/5.3.0/:/opt/fsl-imx-x11/4.1.15-2.1.0/sysroots/x86_64-pokysdk-linux/usr/libexec/arm-poky-linux-gnueabi/gcc/arm-poky-linux-gnueabi/5.3.0/:/opt/fsl-imx-x11/4.1.15-2.1.0/sysroots/x86_64-pokysdk-linux/usr/libexec/arm-poky-linux-gnueabi/gcc/arm-poky-linux-gnueabi/:/opt/fsl-imx-x11/4.1.15-2.1.0/sysroots/x86_64-pokysdk-linux/usr/lib/arm-poky-linux-gnueabi/gcc/arm-poky-linux-gnueabi/5.3.0/:/opt/fsl-imx-x11/4.1.15-2.1.0/sysroots/x86_64-pokysdk-linux/usr/lib/arm-poky-linux-gnueabi/gcc/arm-poky-linux-gnueabi/
LIBRARY_PATH=/opt/fsl-imx-x11/4.1.15-2.1.0/sysroots/x86_64-pokysdk-linux/usr/lib/arm-poky-linux-gnueabi/gcc/arm-poky-linux-gnueabi/5.3.0/:/opt/fsl-imx-x11/4.1.15-2.1.0/sysroots/cortexa7hf-neon-poky-linux-gnueabi/lib/:/opt/fsl-imx-x11/4.1.15-2.1.0/sysroots/cortexa7hf-neon-poky-linux-gnueabi/usr/lib/arm-poky-linux-gnueabi/5.3.0/:/opt/fsl-imx-x11/4.1.15-2.1.0/sysroots/cortexa7hf-neon-poky-linux-gnueabi/usr/lib/
COLLECT_GCC_OPTIONS='--sysroot=/opt/fsl-imx-x11/4.1.15-2.1.0/sysroots/cortexa7hf-neon-poky-linux-gnueabi' '-march=armv7ve' '-mfpu=neon' '-mfloat-abi=hard' '-mcpu=cortex-a7' '-O2' '-pipe' '-g' '-feliminate-unused-debug-types' '-fdebug-prefix-map=/home/cym/yocto/yocto/build_x11/tmp/work/x86_64-nativesdk-pokysdk-linux/meta-environment-imx6ull14x14evk/1.0-r8=/usr/src/debug/meta-environment-imx6ull14x14evk/1.0-r8' '-fdebug-prefix-map=/home/cym/yocto/yocto/build_x11/tmp/sysroots/x86_64-linux=' '-fdebug-prefix-map=/home/cym/yocto/yocto/build_x11/tmp/sysroots/x86_64-nativesdk-pokysdk-linux=' '-v' '-rdynamic' '-o' 'cmTC_5a760' '-mtls-dialect=gnu'
 /opt/fsl-imx-x11/4.1.15-2.1.0/sysroots/x86_64-pokysdk-linux/usr/libexec/arm-poky-linux-gnueabi/gcc/arm-poky-linux-gnueabi/5.3.0/collect2 -plugin /opt/fsl-imx-x11/4.1.15-2.1.0/sysroots/x86_64-pokysdk-linux/usr/libexec/arm-poky-linux-gnueabi/gcc/arm-poky-linux-gnueabi/5.3.0/liblto_plugin.so -plugin-opt=/opt/fsl-imx-x11/4.1.15-2.1.0/sysroots/x86_64-pokysdk-linux/usr/libexec/arm-poky-linux-gnueabi/gcc/arm-poky-linux-gnueabi/5.3.0/lto-wrapper -plugin-opt=-fresolution=/tmp/ccI3JTtr.res -plugin-opt=-pass-through=-lgcc -plugin-opt=-pass-through=-lgcc_s -plugin-opt=-pass-through=-lc -plugin-opt=-pass-through=-lgcc -plugin-opt=-pass-through=-lgcc_s --sysroot=/opt/fsl-imx-x11/4.1.15-2.1.0/sysroots/cortexa7hf-neon-poky-linux-gnueabi --build-id --eh-frame-hdr --hash-style=gnu -export-dynamic -dynamic-linker /lib/ld-linux-armhf.so.3 -X -m armelf_linux_eabi -o cmTC_5a760 /opt/fsl-imx-x11/4.1.15-2.1.0/sysroots/cortexa7hf-neon-poky-linux-gnueabi/usr/lib/crt1.o /opt/fsl-imx-x11/4.1.15-2.1.0/sysroots/cortexa7hf-neon-poky-linux-gnueabi/usr/lib/crti.o /opt/fsl-imx-x11/4.1.15-2.1.0/sysroots/cortexa7hf-neon-poky-linux-gnueabi/usr/lib/arm-poky-linux-gnueabi/5.3.0/crtbegin.o -L/opt/fsl-imx-x11/4.1.15-2.1.0/sysroots/x86_64-pokysdk-linux/usr/lib/arm-poky-linux-gnueabi/gcc/arm-poky-linux-gnueabi/5.3.0 -L/opt/fsl-imx-x11/4.1.15-2.1.0/sysroots/cortexa7hf-neon-poky-linux-gnueabi/lib -L/opt/fsl-imx-x11/4.1.15-2.1.0/sysroots/cortexa7hf-neon-poky-linux-gnueabi/usr/lib/arm-poky-linux-gnueabi/5.3.0 -L/opt/fsl-imx-x11/4.1.15-2.1.0/sysroots/cortexa7hf-neon-poky-linux-gnueabi/usr/lib -O1 --hash-style=gnu --as-needed CMakeFiles/cmTC_5a760.dir/CMakeCCompilerABI.c.o -lgcc --as-needed -lgcc_s --no-as-needed -lc -lgcc --as-needed -lgcc_s --no-as-needed /opt/fsl-imx-x11/4.1.15-2.1.0/sysroots/cortexa7hf-neon-poky-linux-gnueabi/usr/lib/arm-poky-linux-gnueabi/5.3.0/crtend.o /opt/fsl-imx-x11/4.1.15-2.1.0/sysroots/cortexa7hf-neon-poky-linux-gnueabi/usr/lib/crtn.o



Parsed C implicit include dir info from above output: rv=done
  found start of include info
  found start of implicit include info
    add: [/opt/fsl-imx-x11/4.1.15-2.1.0/sysroots/x86_64-pokysdk-linux/usr/lib/arm-poky-linux-gnueabi/gcc/arm-poky-linux-gnueabi/5.3.0/include]
    add: [/opt/fsl-imx-x11/4.1.15-2.1.0/sysroots/x86_64-pokysdk-linux/usr/lib/arm-poky-linux-gnueabi/gcc/arm-poky-linux-gnueabi/5.3.0/include-fixed]
    add: [/opt/fsl-imx-x11/4.1.15-2.1.0/sysroots/cortexa7hf-neon-poky-linux-gnueabi/usr/include]
  end of search list found
  collapse include dir [/opt/fsl-imx-x11/4.1.15-2.1.0/sysroots/x86_64-pokysdk-linux/usr/lib/arm-poky-linux-gnueabi/gcc/arm-poky-linux-gnueabi/5.3.0/include] ==> [/opt/fsl-imx-x11/4.1.15-2.1.0/sysroots/x86_64-pokysdk-linux/usr/lib/arm-poky-linux-gnueabi/gcc/arm-poky-linux-gnueabi/5.3.0/include]
  collapse include dir [/opt/fsl-imx-x11/4.1.15-2.1.0/sysroots/x86_64-pokysdk-linux/usr/lib/arm-poky-linux-gnueabi/gcc/arm-poky-linux-gnueabi/5.3.0/include-fixed] ==> [/opt/fsl-imx-x11/4.1.15-2.1.0/sysroots/x86_64-pokysdk-linux/usr/lib/arm-poky-linux-gnueabi/gcc/arm-poky-linux-gnueabi/5.3.0/include-fixed]
  collapse include dir [/opt/fsl-imx-x11/4.1.15-2.1.0/sysroots/cortexa7hf-neon-poky-linux-gnueabi/usr/include] ==> [/opt/fsl-imx-x11/4.1.15-2.1.0/sysroots/cortexa7hf-neon-poky-linux-gnueabi/usr/include]
  implicit include dirs: [/opt/fsl-imx-x11/4.1.15-2.1.0/sysroots/x86_64-pokysdk-linux/usr/lib/arm-poky-linux-gnueabi/gcc/arm-poky-linux-gnueabi/5.3.0/include;/opt/fsl-imx-x11/4.1.15-2.1.0/sysroots/x86_64-pokysdk-linux/usr/lib/arm-poky-linux-gnueabi/gcc/arm-poky-linux-gnueabi/5.3.0/include-fixed;/opt/fsl-imx-x11/4.1.15-2.1.0/sysroots/cortexa7hf-neon-poky-linux-gnueabi/usr/include]


Parsed C implicit link information from above output:
  link line regex: [^( *|.*[/\])(ld|CMAKE_LINK_STARTFILE-NOTFOUND|([^/\]+-)?ld|collect2)[^/\]*( |$)]
  ignore line: [Change Dir: /home/syq/上海洋明1 电表采集/shym1_meter/build/CMakeFiles/CMakeTmp]
  ignore line: []
  ignore line: [Run Build Command(s):/usr/bin/ninja cmTC_5a760 && [1/2] Building C object CMakeFiles/cmTC_5a760.dir/CMakeCCompilerABI.c.o]
  ignore line: [Using built-in specs.]
  ignore line: [COLLECT_GCC=/opt/fsl-imx-x11/4.1.15-2.1.0/sysroots/x86_64-pokysdk-linux/usr/bin/arm-poky-linux-gnueabi/arm-poky-linux-gnueabi-gcc]
  ignore line: [Target: arm-poky-linux-gnueabi]
  ignore line: [Configured with: ../../../../../../work-shared/gcc-5.3.0-r0/gcc-5.3.0/configure --build=x86_64-linux --host=x86_64-pokysdk-linux --target=arm-poky-linux-gnueabi --prefix=/opt/fsl-imx-x11/4.1.15-2.1.0/sysroots/x86_64-pokysdk-linux/usr --exec_prefix=/opt/fsl-imx-x11/4.1.15-2.1.0/sysroots/x86_64-pokysdk-linux/usr --bindir=/opt/fsl-imx-x11/4.1.15-2.1.0/sysroots/x86_64-pokysdk-linux/usr/bin/arm-poky-linux-gnueabi --sbindir=/opt/fsl-imx-x11/4.1.15-2.1.0/sysroots/x86_64-pokysdk-linux/usr/bin/arm-poky-linux-gnueabi --libexecdir=/opt/fsl-imx-x11/4.1.15-2.1.0/sysroots/x86_64-pokysdk-linux/usr/libexec/arm-poky-linux-gnueabi --datadir=/opt/fsl-imx-x11/4.1.15-2.1.0/sysroots/x86_64-pokysdk-linux/usr/share --sysconfdir=/opt/fsl-imx-x11/4.1.15-2.1.0/sysroots/x86_64-pokysdk-linux/etc --sharedstatedir=/opt/fsl-imx-x11/4.1.15-2.1.0/sysroots/x86_64-pokysdk-linux/com --localstatedir=/opt/fsl-imx-x11/4.1.15-2.1.0/sysroots/x86_64-pokysdk-linux/var --libdir=/opt/fsl-imx-x11/4.1.15-2.1.0/sysroots/x86_64-pokysdk-linux/usr/lib/arm-poky-linux-gnueabi --includedir=/opt/fsl-imx-x11/4.1.15-2.1.0/sysroots/x86_64-pokysdk-linux/usr/include --oldincludedir=/opt/fsl-imx-x11/4.1.15-2.1.0/sysroots/x86_64-pokysdk-linux/usr/include --infodir=/opt/fsl-imx-x11/4.1.15-2.1.0/sysroots/x86_64-pokysdk-linux/usr/share/info --mandir=/opt/fsl-imx-x11/4.1.15-2.1.0/sysroots/x86_64-pokysdk-linux/usr/share/man --disable-silent-rules --disable-dependency-tracking --with-libtool-sysroot=/home/cym/yocto/yocto/build_x11/tmp/sysroots/x86_64-nativesdk-pokysdk-linux --with-gnu-ld --enable-shared --enable-languages=c,c++ --enable-threads=posix --enable-multilib --enable-c99 --enable-long-long --enable-symvers=gnu --enable-libstdcxx-pch --program-prefix=arm-poky-linux-gnueabi- --without-local-prefix --enable-lto --enable-libssp --enable-libitm --disable-bootstrap --disable-libmudflap --with-system-zlib --with-linker-hash-style=gnu --enable-linker-build-id --with-ppl=no --with-cloog=no --enable-checking=release --enable-cheaders=c_global --without-isl --with-gxx-include-dir=/not/exist/usr/include/c++/5.3.0 --with-build-time-tools=/home/cym/yocto/yocto/build_x11/tmp/sysroots/x86_64-linux/usr/arm-poky-linux-gnueabi/bin --with-sysroot=/not/exist --with-build-sysroot=/home/cym/yocto/yocto/build_x11/tmp/sysroots/imx6ull14x14evk --enable-poison-system-directories --with-mpfr=/home/cym/yocto/yocto/build_x11/tmp/sysroots/x86_64-nativesdk-pokysdk-linux --with-mpc=/home/cym/yocto/yocto/build_x11/tmp/sysroots/x86_64-nativesdk-pokysdk-linux --enable-nls --with-arch=armv7-a]
  ignore line: [Thread model: posix]
  ignore line: [gcc version 5.3.0 (GCC) ]
  ignore line: [COLLECT_GCC_OPTIONS='--sysroot=/opt/fsl-imx-x11/4.1.15-2.1.0/sysroots/cortexa7hf-neon-poky-linux-gnueabi' '-march=armv7ve' '-mfpu=neon' '-mfloat-abi=hard' '-mcpu=cortex-a7' '-O2' '-pipe' '-g' '-feliminate-unused-debug-types' '-fdebug-prefix-map=/home/cym/yocto/yocto/build_x11/tmp/work/x86_64-nativesdk-pokysdk-linux/meta-environment-imx6ull14x14evk/1.0-r8=/usr/src/debug/meta-environment-imx6ull14x14evk/1.0-r8' '-fdebug-prefix-map=/home/cym/yocto/yocto/build_x11/tmp/sysroots/x86_64-linux=' '-fdebug-prefix-map=/home/cym/yocto/yocto/build_x11/tmp/sysroots/x86_64-nativesdk-pokysdk-linux=' '-v' '-o' 'CMakeFiles/cmTC_5a760.dir/CMakeCCompilerABI.c.o' '-c' '-mtls-dialect=gnu']
  ignore line: [ /opt/fsl-imx-x11/4.1.15-2.1.0/sysroots/x86_64-pokysdk-linux/usr/libexec/arm-poky-linux-gnueabi/gcc/arm-poky-linux-gnueabi/5.3.0/cc1 -quiet -v -isysroot /opt/fsl-imx-x11/4.1.15-2.1.0/sysroots/cortexa7hf-neon-poky-linux-gnueabi /usr/share/cmake-3.16/Modules/CMakeCCompilerABI.c -quiet -dumpbase CMakeCCompilerABI.c -march=armv7ve -mfpu=neon -mfloat-abi=hard -mcpu=cortex-a7 -mtls-dialect=gnu -auxbase-strip CMakeFiles/cmTC_5a760.dir/CMakeCCompilerABI.c.o -g -O2 -version -feliminate-unused-debug-types -fdebug-prefix-map=/home/cym/yocto/yocto/build_x11/tmp/work/x86_64-nativesdk-pokysdk-linux/meta-environment-imx6ull14x14evk/1.0-r8=/usr/src/debug/meta-environment-imx6ull14x14evk/1.0-r8 -fdebug-prefix-map=/home/cym/yocto/yocto/build_x11/tmp/sysroots/x86_64-linux= -fdebug-prefix-map=/home/cym/yocto/yocto/build_x11/tmp/sysroots/x86_64-nativesdk-pokysdk-linux= -o - |]
  ignore line: [ /opt/fsl-imx-x11/4.1.15-2.1.0/sysroots/x86_64-pokysdk-linux/usr/libexec/arm-poky-linux-gnueabi/gcc/arm-poky-linux-gnueabi/5.3.0/as -v -march=armv7ve -mcpu=cortex-a7 -mfloat-abi=hard -mfpu=neon -meabi=5 -o CMakeFiles/cmTC_5a760.dir/CMakeCCompilerABI.c.o]
  ignore line: [GNU assembler version 2.26.0 (arm-poky-linux-gnueabi) using BFD version (GNU Binutils) 2.26.0.20160214]
  ignore line: [GNU C11 (GCC) version 5.3.0 (arm-poky-linux-gnueabi)]
  ignore line: [	compiled by GNU C version 5.3.0  GMP version 6.1.0  MPFR version 3.1.3  MPC version 1.0.3]
  ignore line: [GGC heuristics: --param ggc-min-expand=100 --param ggc-min-heapsize=131072]
  ignore line: [ignoring nonexistent directory "/opt/fsl-imx-x11/4.1.15-2.1.0/sysroots/cortexa7hf-neon-poky-linux-gnueabi/usr/lib/gcc/arm-poky-linux-gnueabi/5.3.0/include"]
  ignore line: [ignoring nonexistent directory "/opt/fsl-imx-x11/4.1.15-2.1.0/sysroots/cortexa7hf-neon-poky-linux-gnueabi/usr/local/include"]
  ignore line: [ignoring nonexistent directory "/opt/fsl-imx-x11/4.1.15-2.1.0/sysroots/x86_64-pokysdk-linux/usr/lib/arm-poky-linux-gnueabi/gcc/arm-poky-linux-gnueabi/5.3.0/../../../../../arm-poky-linux-gnueabi/include"]
  ignore line: [#include "..." search starts here:]
  ignore line: [#include <...> search starts here:]
  ignore line: [ /opt/fsl-imx-x11/4.1.15-2.1.0/sysroots/x86_64-pokysdk-linux/usr/lib/arm-poky-linux-gnueabi/gcc/arm-poky-linux-gnueabi/5.3.0/include]
  ignore line: [ /opt/fsl-imx-x11/4.1.15-2.1.0/sysroots/x86_64-pokysdk-linux/usr/lib/arm-poky-linux-gnueabi/gcc/arm-poky-linux-gnueabi/5.3.0/include-fixed]
  ignore line: [ /opt/fsl-imx-x11/4.1.15-2.1.0/sysroots/cortexa7hf-neon-poky-linux-gnueabi/usr/include]
  ignore line: [End of search list.]
  ignore line: [GNU C11 (GCC) version 5.3.0 (arm-poky-linux-gnueabi)]
  ignore line: [	compiled by GNU C version 5.3.0  GMP version 6.1.0  MPFR version 3.1.3  MPC version 1.0.3]
  ignore line: [GGC heuristics: --param ggc-min-expand=100 --param ggc-min-heapsize=131072]
  ignore line: [Compiler executable checksum: a327a16e41ceea672dfcfb241901eb5f]
  ignore line: [COMPILER_PATH=/opt/fsl-imx-x11/4.1.15-2.1.0/sysroots/x86_64-pokysdk-linux/usr/libexec/arm-poky-linux-gnueabi/gcc/arm-poky-linux-gnueabi/5.3.0/:/opt/fsl-imx-x11/4.1.15-2.1.0/sysroots/x86_64-pokysdk-linux/usr/libexec/arm-poky-linux-gnueabi/gcc/arm-poky-linux-gnueabi/5.3.0/:/opt/fsl-imx-x11/4.1.15-2.1.0/sysroots/x86_64-pokysdk-linux/usr/libexec/arm-poky-linux-gnueabi/gcc/arm-poky-linux-gnueabi/:/opt/fsl-imx-x11/4.1.15-2.1.0/sysroots/x86_64-pokysdk-linux/usr/lib/arm-poky-linux-gnueabi/gcc/arm-poky-linux-gnueabi/5.3.0/:/opt/fsl-imx-x11/4.1.15-2.1.0/sysroots/x86_64-pokysdk-linux/usr/lib/arm-poky-linux-gnueabi/gcc/arm-poky-linux-gnueabi/]
  ignore line: [LIBRARY_PATH=/opt/fsl-imx-x11/4.1.15-2.1.0/sysroots/x86_64-pokysdk-linux/usr/lib/arm-poky-linux-gnueabi/gcc/arm-poky-linux-gnueabi/5.3.0/:/opt/fsl-imx-x11/4.1.15-2.1.0/sysroots/cortexa7hf-neon-poky-linux-gnueabi/lib/:/opt/fsl-imx-x11/4.1.15-2.1.0/sysroots/cortexa7hf-neon-poky-linux-gnueabi/usr/lib/arm-poky-linux-gnueabi/5.3.0/:/opt/fsl-imx-x11/4.1.15-2.1.0/sysroots/cortexa7hf-neon-poky-linux-gnueabi/usr/lib/]
  ignore line: [COLLECT_GCC_OPTIONS='--sysroot=/opt/fsl-imx-x11/4.1.15-2.1.0/sysroots/cortexa7hf-neon-poky-linux-gnueabi' '-march=armv7ve' '-mfpu=neon' '-mfloat-abi=hard' '-mcpu=cortex-a7' '-O2' '-pipe' '-g' '-feliminate-unused-debug-types' '-fdebug-prefix-map=/home/cym/yocto/yocto/build_x11/tmp/work/x86_64-nativesdk-pokysdk-linux/meta-environment-imx6ull14x14evk/1.0-r8=/usr/src/debug/meta-environment-imx6ull14x14evk/1.0-r8' '-fdebug-prefix-map=/home/cym/yocto/yocto/build_x11/tmp/sysroots/x86_64-linux=' '-fdebug-prefix-map=/home/cym/yocto/yocto/build_x11/tmp/sysroots/x86_64-nativesdk-pokysdk-linux=' '-v' '-o' 'CMakeFiles/cmTC_5a760.dir/CMakeCCompilerABI.c.o' '-c' '-mtls-dialect=gnu']
  ignore line: [[2/2] Linking C executable cmTC_5a760]
  ignore line: [Using built-in specs.]
  ignore line: [COLLECT_GCC=/opt/fsl-imx-x11/4.1.15-2.1.0/sysroots/x86_64-pokysdk-linux/usr/bin/arm-poky-linux-gnueabi/arm-poky-linux-gnueabi-gcc]
  ignore line: [COLLECT_LTO_WRAPPER=/opt/fsl-imx-x11/4.1.15-2.1.0/sysroots/x86_64-pokysdk-linux/usr/libexec/arm-poky-linux-gnueabi/gcc/arm-poky-linux-gnueabi/5.3.0/lto-wrapper]
  ignore line: [Target: arm-poky-linux-gnueabi]
  ignore line: [Configured with: ../../../../../../work-shared/gcc-5.3.0-r0/gcc-5.3.0/configure --build=x86_64-linux --host=x86_64-pokysdk-linux --target=arm-poky-linux-gnueabi --prefix=/opt/fsl-imx-x11/4.1.15-2.1.0/sysroots/x86_64-pokysdk-linux/usr --exec_prefix=/opt/fsl-imx-x11/4.1.15-2.1.0/sysroots/x86_64-pokysdk-linux/usr --bindir=/opt/fsl-imx-x11/4.1.15-2.1.0/sysroots/x86_64-pokysdk-linux/usr/bin/arm-poky-linux-gnueabi --sbindir=/opt/fsl-imx-x11/4.1.15-2.1.0/sysroots/x86_64-pokysdk-linux/usr/bin/arm-poky-linux-gnueabi --libexecdir=/opt/fsl-imx-x11/4.1.15-2.1.0/sysroots/x86_64-pokysdk-linux/usr/libexec/arm-poky-linux-gnueabi --datadir=/opt/fsl-imx-x11/4.1.15-2.1.0/sysroots/x86_64-pokysdk-linux/usr/share --sysconfdir=/opt/fsl-imx-x11/4.1.15-2.1.0/sysroots/x86_64-pokysdk-linux/etc --sharedstatedir=/opt/fsl-imx-x11/4.1.15-2.1.0/sysroots/x86_64-pokysdk-linux/com --localstatedir=/opt/fsl-imx-x11/4.1.15-2.1.0/sysroots/x86_64-pokysdk-linux/var --libdir=/opt/fsl-imx-x11/4.1.15-2.1.0/sysroots/x86_64-pokysdk-linux/usr/lib/arm-poky-linux-gnueabi --includedir=/opt/fsl-imx-x11/4.1.15-2.1.0/sysroots/x86_64-pokysdk-linux/usr/include --oldincludedir=/opt/fsl-imx-x11/4.1.15-2.1.0/sysroots/x86_64-pokysdk-linux/usr/include --infodir=/opt/fsl-imx-x11/4.1.15-2.1.0/sysroots/x86_64-pokysdk-linux/usr/share/info --mandir=/opt/fsl-imx-x11/4.1.15-2.1.0/sysroots/x86_64-pokysdk-linux/usr/share/man --disable-silent-rules --disable-dependency-tracking --with-libtool-sysroot=/home/cym/yocto/yocto/build_x11/tmp/sysroots/x86_64-nativesdk-pokysdk-linux --with-gnu-ld --enable-shared --enable-languages=c,c++ --enable-threads=posix --enable-multilib --enable-c99 --enable-long-long --enable-symvers=gnu --enable-libstdcxx-pch --program-prefix=arm-poky-linux-gnueabi- --without-local-prefix --enable-lto --enable-libssp --enable-libitm --disable-bootstrap --disable-libmudflap --with-system-zlib --with-linker-hash-style=gnu --enable-linker-build-id --with-ppl=no --with-cloog=no --enable-checking=release --enable-cheaders=c_global --without-isl --with-gxx-include-dir=/not/exist/usr/include/c++/5.3.0 --with-build-time-tools=/home/cym/yocto/yocto/build_x11/tmp/sysroots/x86_64-linux/usr/arm-poky-linux-gnueabi/bin --with-sysroot=/not/exist --with-build-sysroot=/home/cym/yocto/yocto/build_x11/tmp/sysroots/imx6ull14x14evk --enable-poison-system-directories --with-mpfr=/home/cym/yocto/yocto/build_x11/tmp/sysroots/x86_64-nativesdk-pokysdk-linux --with-mpc=/home/cym/yocto/yocto/build_x11/tmp/sysroots/x86_64-nativesdk-pokysdk-linux --enable-nls --with-arch=armv7-a]
  ignore line: [Thread model: posix]
  ignore line: [gcc version 5.3.0 (GCC) ]
  ignore line: [COMPILER_PATH=/opt/fsl-imx-x11/4.1.15-2.1.0/sysroots/x86_64-pokysdk-linux/usr/libexec/arm-poky-linux-gnueabi/gcc/arm-poky-linux-gnueabi/5.3.0/:/opt/fsl-imx-x11/4.1.15-2.1.0/sysroots/x86_64-pokysdk-linux/usr/libexec/arm-poky-linux-gnueabi/gcc/arm-poky-linux-gnueabi/5.3.0/:/opt/fsl-imx-x11/4.1.15-2.1.0/sysroots/x86_64-pokysdk-linux/usr/libexec/arm-poky-linux-gnueabi/gcc/arm-poky-linux-gnueabi/:/opt/fsl-imx-x11/4.1.15-2.1.0/sysroots/x86_64-pokysdk-linux/usr/lib/arm-poky-linux-gnueabi/gcc/arm-poky-linux-gnueabi/5.3.0/:/opt/fsl-imx-x11/4.1.15-2.1.0/sysroots/x86_64-pokysdk-linux/usr/lib/arm-poky-linux-gnueabi/gcc/arm-poky-linux-gnueabi/]
  ignore line: [LIBRARY_PATH=/opt/fsl-imx-x11/4.1.15-2.1.0/sysroots/x86_64-pokysdk-linux/usr/lib/arm-poky-linux-gnueabi/gcc/arm-poky-linux-gnueabi/5.3.0/:/opt/fsl-imx-x11/4.1.15-2.1.0/sysroots/cortexa7hf-neon-poky-linux-gnueabi/lib/:/opt/fsl-imx-x11/4.1.15-2.1.0/sysroots/cortexa7hf-neon-poky-linux-gnueabi/usr/lib/arm-poky-linux-gnueabi/5.3.0/:/opt/fsl-imx-x11/4.1.15-2.1.0/sysroots/cortexa7hf-neon-poky-linux-gnueabi/usr/lib/]
  ignore line: [COLLECT_GCC_OPTIONS='--sysroot=/opt/fsl-imx-x11/4.1.15-2.1.0/sysroots/cortexa7hf-neon-poky-linux-gnueabi' '-march=armv7ve' '-mfpu=neon' '-mfloat-abi=hard' '-mcpu=cortex-a7' '-O2' '-pipe' '-g' '-feliminate-unused-debug-types' '-fdebug-prefix-map=/home/cym/yocto/yocto/build_x11/tmp/work/x86_64-nativesdk-pokysdk-linux/meta-environment-imx6ull14x14evk/1.0-r8=/usr/src/debug/meta-environment-imx6ull14x14evk/1.0-r8' '-fdebug-prefix-map=/home/cym/yocto/yocto/build_x11/tmp/sysroots/x86_64-linux=' '-fdebug-prefix-map=/home/cym/yocto/yocto/build_x11/tmp/sysroots/x86_64-nativesdk-pokysdk-linux=' '-v' '-rdynamic' '-o' 'cmTC_5a760' '-mtls-dialect=gnu']
  link line: [ /opt/fsl-imx-x11/4.1.15-2.1.0/sysroots/x86_64-pokysdk-linux/usr/libexec/arm-poky-linux-gnueabi/gcc/arm-poky-linux-gnueabi/5.3.0/collect2 -plugin /opt/fsl-imx-x11/4.1.15-2.1.0/sysroots/x86_64-pokysdk-linux/usr/libexec/arm-poky-linux-gnueabi/gcc/arm-poky-linux-gnueabi/5.3.0/liblto_plugin.so -plugin-opt=/opt/fsl-imx-x11/4.1.15-2.1.0/sysroots/x86_64-pokysdk-linux/usr/libexec/arm-poky-linux-gnueabi/gcc/arm-poky-linux-gnueabi/5.3.0/lto-wrapper -plugin-opt=-fresolution=/tmp/ccI3JTtr.res -plugin-opt=-pass-through=-lgcc -plugin-opt=-pass-through=-lgcc_s -plugin-opt=-pass-through=-lc -plugin-opt=-pass-through=-lgcc -plugin-opt=-pass-through=-lgcc_s --sysroot=/opt/fsl-imx-x11/4.1.15-2.1.0/sysroots/cortexa7hf-neon-poky-linux-gnueabi --build-id --eh-frame-hdr --hash-style=gnu -export-dynamic -dynamic-linker /lib/ld-linux-armhf.so.3 -X -m armelf_linux_eabi -o cmTC_5a760 /opt/fsl-imx-x11/4.1.15-2.1.0/sysroots/cortexa7hf-neon-poky-linux-gnueabi/usr/lib/crt1.o /opt/fsl-imx-x11/4.1.15-2.1.0/sysroots/cortexa7hf-neon-poky-linux-gnueabi/usr/lib/crti.o /opt/fsl-imx-x11/4.1.15-2.1.0/sysroots/cortexa7hf-neon-poky-linux-gnueabi/usr/lib/arm-poky-linux-gnueabi/5.3.0/crtbegin.o -L/opt/fsl-imx-x11/4.1.15-2.1.0/sysroots/x86_64-pokysdk-linux/usr/lib/arm-poky-linux-gnueabi/gcc/arm-poky-linux-gnueabi/5.3.0 -L/opt/fsl-imx-x11/4.1.15-2.1.0/sysroots/cortexa7hf-neon-poky-linux-gnueabi/lib -L/opt/fsl-imx-x11/4.1.15-2.1.0/sysroots/cortexa7hf-neon-poky-linux-gnueabi/usr/lib/arm-poky-linux-gnueabi/5.3.0 -L/opt/fsl-imx-x11/4.1.15-2.1.0/sysroots/cortexa7hf-neon-poky-linux-gnueabi/usr/lib -O1 --hash-style=gnu --as-needed CMakeFiles/cmTC_5a760.dir/CMakeCCompilerABI.c.o -lgcc --as-needed -lgcc_s --no-as-needed -lc -lgcc --as-needed -lgcc_s --no-as-needed /opt/fsl-imx-x11/4.1.15-2.1.0/sysroots/cortexa7hf-neon-poky-linux-gnueabi/usr/lib/arm-poky-linux-gnueabi/5.3.0/crtend.o /opt/fsl-imx-x11/4.1.15-2.1.0/sysroots/cortexa7hf-neon-poky-linux-gnueabi/usr/lib/crtn.o]
    arg [/opt/fsl-imx-x11/4.1.15-2.1.0/sysroots/x86_64-pokysdk-linux/usr/libexec/arm-poky-linux-gnueabi/gcc/arm-poky-linux-gnueabi/5.3.0/collect2] ==> ignore
    arg [-plugin] ==> ignore
    arg [/opt/fsl-imx-x11/4.1.15-2.1.0/sysroots/x86_64-pokysdk-linux/usr/libexec/arm-poky-linux-gnueabi/gcc/arm-poky-linux-gnueabi/5.3.0/liblto_plugin.so] ==> ignore
    arg [-plugin-opt=/opt/fsl-imx-x11/4.1.15-2.1.0/sysroots/x86_64-pokysdk-linux/usr/libexec/arm-poky-linux-gnueabi/gcc/arm-poky-linux-gnueabi/5.3.0/lto-wrapper] ==> ignore
    arg [-plugin-opt=-fresolution=/tmp/ccI3JTtr.res] ==> ignore
    arg [-plugin-opt=-pass-through=-lgcc] ==> ignore
    arg [-plugin-opt=-pass-through=-lgcc_s] ==> ignore
    arg [-plugin-opt=-pass-through=-lc] ==> ignore
    arg [-plugin-opt=-pass-through=-lgcc] ==> ignore
    arg [-plugin-opt=-pass-through=-lgcc_s] ==> ignore
    arg [--sysroot=/opt/fsl-imx-x11/4.1.15-2.1.0/sysroots/cortexa7hf-neon-poky-linux-gnueabi] ==> ignore
    arg [--build-id] ==> ignore
    arg [--eh-frame-hdr] ==> ignore
    arg [--hash-style=gnu] ==> ignore
    arg [-export-dynamic] ==> ignore
    arg [-dynamic-linker] ==> ignore
    arg [/lib/ld-linux-armhf.so.3] ==> ignore
    arg [-X] ==> ignore
    arg [-m] ==> ignore
    arg [armelf_linux_eabi] ==> ignore
    arg [-o] ==> ignore
    arg [cmTC_5a760] ==> ignore
    arg [/opt/fsl-imx-x11/4.1.15-2.1.0/sysroots/cortexa7hf-neon-poky-linux-gnueabi/usr/lib/crt1.o] ==> ignore
    arg [/opt/fsl-imx-x11/4.1.15-2.1.0/sysroots/cortexa7hf-neon-poky-linux-gnueabi/usr/lib/crti.o] ==> ignore
    arg [/opt/fsl-imx-x11/4.1.15-2.1.0/sysroots/cortexa7hf-neon-poky-linux-gnueabi/usr/lib/arm-poky-linux-gnueabi/5.3.0/crtbegin.o] ==> ignore
    arg [-L/opt/fsl-imx-x11/4.1.15-2.1.0/sysroots/x86_64-pokysdk-linux/usr/lib/arm-poky-linux-gnueabi/gcc/arm-poky-linux-gnueabi/5.3.0] ==> dir [/opt/fsl-imx-x11/4.1.15-2.1.0/sysroots/x86_64-pokysdk-linux/usr/lib/arm-poky-linux-gnueabi/gcc/arm-poky-linux-gnueabi/5.3.0]
    arg [-L/opt/fsl-imx-x11/4.1.15-2.1.0/sysroots/cortexa7hf-neon-poky-linux-gnueabi/lib] ==> dir [/opt/fsl-imx-x11/4.1.15-2.1.0/sysroots/cortexa7hf-neon-poky-linux-gnueabi/lib]
    arg [-L/opt/fsl-imx-x11/4.1.15-2.1.0/sysroots/cortexa7hf-neon-poky-linux-gnueabi/usr/lib/arm-poky-linux-gnueabi/5.3.0] ==> dir [/opt/fsl-imx-x11/4.1.15-2.1.0/sysroots/cortexa7hf-neon-poky-linux-gnueabi/usr/lib/arm-poky-linux-gnueabi/5.3.0]
    arg [-L/opt/fsl-imx-x11/4.1.15-2.1.0/sysroots/cortexa7hf-neon-poky-linux-gnueabi/usr/lib] ==> dir [/opt/fsl-imx-x11/4.1.15-2.1.0/sysroots/cortexa7hf-neon-poky-linux-gnueabi/usr/lib]
    arg [-O1] ==> ignore
    arg [--hash-style=gnu] ==> ignore
    arg [--as-needed] ==> ignore
    arg [CMakeFiles/cmTC_5a760.dir/CMakeCCompilerABI.c.o] ==> ignore
    arg [-lgcc] ==> lib [gcc]
    arg [--as-needed] ==> ignore
    arg [-lgcc_s] ==> lib [gcc_s]
    arg [--no-as-needed] ==> ignore
    arg [-lc] ==> lib [c]
    arg [-lgcc] ==> lib [gcc]
    arg [--as-needed] ==> ignore
    arg [-lgcc_s] ==> lib [gcc_s]
    arg [--no-as-needed] ==> ignore
    arg [/opt/fsl-imx-x11/4.1.15-2.1.0/sysroots/cortexa7hf-neon-poky-linux-gnueabi/usr/lib/arm-poky-linux-gnueabi/5.3.0/crtend.o] ==> ignore
    arg [/opt/fsl-imx-x11/4.1.15-2.1.0/sysroots/cortexa7hf-neon-poky-linux-gnueabi/usr/lib/crtn.o] ==> ignore
  collapse library dir [/opt/fsl-imx-x11/4.1.15-2.1.0/sysroots/x86_64-pokysdk-linux/usr/lib/arm-poky-linux-gnueabi/gcc/arm-poky-linux-gnueabi/5.3.0] ==> [/opt/fsl-imx-x11/4.1.15-2.1.0/sysroots/x86_64-pokysdk-linux/usr/lib/arm-poky-linux-gnueabi/gcc/arm-poky-linux-gnueabi/5.3.0]
  collapse library dir [/opt/fsl-imx-x11/4.1.15-2.1.0/sysroots/cortexa7hf-neon-poky-linux-gnueabi/lib] ==> [/opt/fsl-imx-x11/4.1.15-2.1.0/sysroots/cortexa7hf-neon-poky-linux-gnueabi/lib]
  collapse library dir [/opt/fsl-imx-x11/4.1.15-2.1.0/sysroots/cortexa7hf-neon-poky-linux-gnueabi/usr/lib/arm-poky-linux-gnueabi/5.3.0] ==> [/opt/fsl-imx-x11/4.1.15-2.1.0/sysroots/cortexa7hf-neon-poky-linux-gnueabi/usr/lib/arm-poky-linux-gnueabi/5.3.0]
  collapse library dir [/opt/fsl-imx-x11/4.1.15-2.1.0/sysroots/cortexa7hf-neon-poky-linux-gnueabi/usr/lib] ==> [/opt/fsl-imx-x11/4.1.15-2.1.0/sysroots/cortexa7hf-neon-poky-linux-gnueabi/usr/lib]
  implicit libs: [gcc;gcc_s;c;gcc;gcc_s]
  implicit dirs: [/opt/fsl-imx-x11/4.1.15-2.1.0/sysroots/x86_64-pokysdk-linux/usr/lib/arm-poky-linux-gnueabi/gcc/arm-poky-linux-gnueabi/5.3.0;/opt/fsl-imx-x11/4.1.15-2.1.0/sysroots/cortexa7hf-neon-poky-linux-gnueabi/lib;/opt/fsl-imx-x11/4.1.15-2.1.0/sysroots/cortexa7hf-neon-poky-linux-gnueabi/usr/lib/arm-poky-linux-gnueabi/5.3.0;/opt/fsl-imx-x11/4.1.15-2.1.0/sysroots/cortexa7hf-neon-poky-linux-gnueabi/usr/lib]
  implicit fwks: []


Determining if the CXX compiler works passed with the following output:
Change Dir: /home/syq/上海洋明1 电表采集/shym1_meter/build/CMakeFiles/CMakeTmp

Run Build Command(s):/usr/bin/ninja cmTC_d39a6 && [1/2] Building CXX object CMakeFiles/cmTC_d39a6.dir/testCXXCompiler.cxx.o
[2/2] Linking CXX executable cmTC_d39a6



Detecting CXX compiler ABI info compiled with the following output:
Change Dir: /home/syq/上海洋明1 电表采集/shym1_meter/build/CMakeFiles/CMakeTmp

Run Build Command(s):/usr/bin/ninja cmTC_f9177 && [1/2] Building CXX object CMakeFiles/cmTC_f9177.dir/CMakeCXXCompilerABI.cpp.o
Using built-in specs.
COLLECT_GCC=/opt/fsl-imx-x11/4.1.15-2.1.0/sysroots/x86_64-pokysdk-linux/usr/bin/arm-poky-linux-gnueabi/arm-poky-linux-gnueabi-g++
Target: arm-poky-linux-gnueabi
Configured with: ../../../../../../work-shared/gcc-5.3.0-r0/gcc-5.3.0/configure --build=x86_64-linux --host=x86_64-pokysdk-linux --target=arm-poky-linux-gnueabi --prefix=/opt/fsl-imx-x11/4.1.15-2.1.0/sysroots/x86_64-pokysdk-linux/usr --exec_prefix=/opt/fsl-imx-x11/4.1.15-2.1.0/sysroots/x86_64-pokysdk-linux/usr --bindir=/opt/fsl-imx-x11/4.1.15-2.1.0/sysroots/x86_64-pokysdk-linux/usr/bin/arm-poky-linux-gnueabi --sbindir=/opt/fsl-imx-x11/4.1.15-2.1.0/sysroots/x86_64-pokysdk-linux/usr/bin/arm-poky-linux-gnueabi --libexecdir=/opt/fsl-imx-x11/4.1.15-2.1.0/sysroots/x86_64-pokysdk-linux/usr/libexec/arm-poky-linux-gnueabi --datadir=/opt/fsl-imx-x11/4.1.15-2.1.0/sysroots/x86_64-pokysdk-linux/usr/share --sysconfdir=/opt/fsl-imx-x11/4.1.15-2.1.0/sysroots/x86_64-pokysdk-linux/etc --sharedstatedir=/opt/fsl-imx-x11/4.1.15-2.1.0/sysroots/x86_64-pokysdk-linux/com --localstatedir=/opt/fsl-imx-x11/4.1.15-2.1.0/sysroots/x86_64-pokysdk-linux/var --libdir=/opt/fsl-imx-x11/4.1.15-2.1.0/sysroots/x86_64-pokysdk-linux/usr/lib/arm-poky-linux-gnueabi --includedir=/opt/fsl-imx-x11/4.1.15-2.1.0/sysroots/x86_64-pokysdk-linux/usr/include --oldincludedir=/opt/fsl-imx-x11/4.1.15-2.1.0/sysroots/x86_64-pokysdk-linux/usr/include --infodir=/opt/fsl-imx-x11/4.1.15-2.1.0/sysroots/x86_64-pokysdk-linux/usr/share/info --mandir=/opt/fsl-imx-x11/4.1.15-2.1.0/sysroots/x86_64-pokysdk-linux/usr/share/man --disable-silent-rules --disable-dependency-tracking --with-libtool-sysroot=/home/cym/yocto/yocto/build_x11/tmp/sysroots/x86_64-nativesdk-pokysdk-linux --with-gnu-ld --enable-shared --enable-languages=c,c++ --enable-threads=posix --enable-multilib --enable-c99 --enable-long-long --enable-symvers=gnu --enable-libstdcxx-pch --program-prefix=arm-poky-linux-gnueabi- --without-local-prefix --enable-lto --enable-libssp --enable-libitm --disable-bootstrap --disable-libmudflap --with-system-zlib --with-linker-hash-style=gnu --enable-linker-build-id --with-ppl=no --with-cloog=no --enable-checking=release --enable-cheaders=c_global --without-isl --with-gxx-include-dir=/not/exist/usr/include/c++/5.3.0 --with-build-time-tools=/home/cym/yocto/yocto/build_x11/tmp/sysroots/x86_64-linux/usr/arm-poky-linux-gnueabi/bin --with-sysroot=/not/exist --with-build-sysroot=/home/cym/yocto/yocto/build_x11/tmp/sysroots/imx6ull14x14evk --enable-poison-system-directories --with-mpfr=/home/cym/yocto/yocto/build_x11/tmp/sysroots/x86_64-nativesdk-pokysdk-linux --with-mpc=/home/cym/yocto/yocto/build_x11/tmp/sysroots/x86_64-nativesdk-pokysdk-linux --enable-nls --with-arch=armv7-a
Thread model: posix
gcc version 5.3.0 (GCC) 
COLLECT_GCC_OPTIONS='--sysroot=/opt/fsl-imx-x11/4.1.15-2.1.0/sysroots/cortexa7hf-neon-poky-linux-gnueabi' '-march=armv7ve' '-mfpu=neon' '-mfloat-abi=hard' '-mcpu=cortex-a7' '-O2' '-pipe' '-g' '-feliminate-unused-debug-types' '-fdebug-prefix-map=/home/cym/yocto/yocto/build_x11/tmp/work/x86_64-nativesdk-pokysdk-linux/meta-environment-imx6ull14x14evk/1.0-r8=/usr/src/debug/meta-environment-imx6ull14x14evk/1.0-r8' '-fdebug-prefix-map=/home/cym/yocto/yocto/build_x11/tmp/sysroots/x86_64-linux=' '-fdebug-prefix-map=/home/cym/yocto/yocto/build_x11/tmp/sysroots/x86_64-nativesdk-pokysdk-linux=' '-v' '-o' 'CMakeFiles/cmTC_f9177.dir/CMakeCXXCompilerABI.cpp.o' '-c' '-shared-libgcc' '-mtls-dialect=gnu'
 /opt/fsl-imx-x11/4.1.15-2.1.0/sysroots/x86_64-pokysdk-linux/usr/libexec/arm-poky-linux-gnueabi/gcc/arm-poky-linux-gnueabi/5.3.0/cc1plus -quiet -v -isysroot /opt/fsl-imx-x11/4.1.15-2.1.0/sysroots/cortexa7hf-neon-poky-linux-gnueabi -D_GNU_SOURCE /usr/share/cmake-3.16/Modules/CMakeCXXCompilerABI.cpp -quiet -dumpbase CMakeCXXCompilerABI.cpp -march=armv7ve -mfpu=neon -mfloat-abi=hard -mcpu=cortex-a7 -mtls-dialect=gnu -auxbase-strip CMakeFiles/cmTC_f9177.dir/CMakeCXXCompilerABI.cpp.o -g -O2 -version -feliminate-unused-debug-types -fdebug-prefix-map=/home/cym/yocto/yocto/build_x11/tmp/work/x86_64-nativesdk-pokysdk-linux/meta-environment-imx6ull14x14evk/1.0-r8=/usr/src/debug/meta-environment-imx6ull14x14evk/1.0-r8 -fdebug-prefix-map=/home/cym/yocto/yocto/build_x11/tmp/sysroots/x86_64-linux= -fdebug-prefix-map=/home/cym/yocto/yocto/build_x11/tmp/sysroots/x86_64-nativesdk-pokysdk-linux= -o - |
 /opt/fsl-imx-x11/4.1.15-2.1.0/sysroots/x86_64-pokysdk-linux/usr/libexec/arm-poky-linux-gnueabi/gcc/arm-poky-linux-gnueabi/5.3.0/as -v -march=armv7ve -mcpu=cortex-a7 -mfloat-abi=hard -mfpu=neon -meabi=5 -o CMakeFiles/cmTC_f9177.dir/CMakeCXXCompilerABI.cpp.o
GNU assembler version 2.26.0 (arm-poky-linux-gnueabi) using BFD version (GNU Binutils) 2.26.0.20160214
GNU C++ (GCC) version 5.3.0 (arm-poky-linux-gnueabi)
	compiled by GNU C version 5.3.0, GMP version 6.1.0, MPFR version 3.1.3, MPC version 1.0.3
GGC heuristics: --param ggc-min-expand=100 --param ggc-min-heapsize=131072
ignoring nonexistent directory "/opt/fsl-imx-x11/4.1.15-2.1.0/sysroots/cortexa7hf-neon-poky-linux-gnueabi/usr/lib/gcc/arm-poky-linux-gnueabi/5.3.0/include"
ignoring nonexistent directory "/opt/fsl-imx-x11/4.1.15-2.1.0/sysroots/cortexa7hf-neon-poky-linux-gnueabi/usr/local/include"
ignoring nonexistent directory "/opt/fsl-imx-x11/4.1.15-2.1.0/sysroots/x86_64-pokysdk-linux/usr/lib/arm-poky-linux-gnueabi/gcc/arm-poky-linux-gnueabi/5.3.0/../../../../../arm-poky-linux-gnueabi/include"
#include "..." search starts here:
#include <...> search starts here:
 /opt/fsl-imx-x11/4.1.15-2.1.0/sysroots/cortexa7hf-neon-poky-linux-gnueabi/usr/include/c++/5.3.0
 /opt/fsl-imx-x11/4.1.15-2.1.0/sysroots/cortexa7hf-neon-poky-linux-gnueabi/usr/include/c++/5.3.0/arm-poky-linux-gnueabi
 /opt/fsl-imx-x11/4.1.15-2.1.0/sysroots/cortexa7hf-neon-poky-linux-gnueabi/usr/include/c++/5.3.0/backward
 /opt/fsl-imx-x11/4.1.15-2.1.0/sysroots/x86_64-pokysdk-linux/usr/lib/arm-poky-linux-gnueabi/gcc/arm-poky-linux-gnueabi/5.3.0/include
 /opt/fsl-imx-x11/4.1.15-2.1.0/sysroots/x86_64-pokysdk-linux/usr/lib/arm-poky-linux-gnueabi/gcc/arm-poky-linux-gnueabi/5.3.0/include-fixed
 /opt/fsl-imx-x11/4.1.15-2.1.0/sysroots/cortexa7hf-neon-poky-linux-gnueabi/usr/include
End of search list.
GNU C++ (GCC) version 5.3.0 (arm-poky-linux-gnueabi)
	compiled by GNU C version 5.3.0, GMP version 6.1.0, MPFR version 3.1.3, MPC version 1.0.3
GGC heuristics: --param ggc-min-expand=100 --param ggc-min-heapsize=131072
Compiler executable checksum: c862a1076d275f9ef4383604ce2b39ce
COMPILER_PATH=/opt/fsl-imx-x11/4.1.15-2.1.0/sysroots/x86_64-pokysdk-linux/usr/libexec/arm-poky-linux-gnueabi/gcc/arm-poky-linux-gnueabi/5.3.0/:/opt/fsl-imx-x11/4.1.15-2.1.0/sysroots/x86_64-pokysdk-linux/usr/libexec/arm-poky-linux-gnueabi/gcc/arm-poky-linux-gnueabi/5.3.0/:/opt/fsl-imx-x11/4.1.15-2.1.0/sysroots/x86_64-pokysdk-linux/usr/libexec/arm-poky-linux-gnueabi/gcc/arm-poky-linux-gnueabi/:/opt/fsl-imx-x11/4.1.15-2.1.0/sysroots/x86_64-pokysdk-linux/usr/lib/arm-poky-linux-gnueabi/gcc/arm-poky-linux-gnueabi/5.3.0/:/opt/fsl-imx-x11/4.1.15-2.1.0/sysroots/x86_64-pokysdk-linux/usr/lib/arm-poky-linux-gnueabi/gcc/arm-poky-linux-gnueabi/
LIBRARY_PATH=/opt/fsl-imx-x11/4.1.15-2.1.0/sysroots/x86_64-pokysdk-linux/usr/lib/arm-poky-linux-gnueabi/gcc/arm-poky-linux-gnueabi/5.3.0/:/opt/fsl-imx-x11/4.1.15-2.1.0/sysroots/cortexa7hf-neon-poky-linux-gnueabi/lib/:/opt/fsl-imx-x11/4.1.15-2.1.0/sysroots/cortexa7hf-neon-poky-linux-gnueabi/usr/lib/arm-poky-linux-gnueabi/5.3.0/:/opt/fsl-imx-x11/4.1.15-2.1.0/sysroots/cortexa7hf-neon-poky-linux-gnueabi/usr/lib/
COLLECT_GCC_OPTIONS='--sysroot=/opt/fsl-imx-x11/4.1.15-2.1.0/sysroots/cortexa7hf-neon-poky-linux-gnueabi' '-march=armv7ve' '-mfpu=neon' '-mfloat-abi=hard' '-mcpu=cortex-a7' '-O2' '-pipe' '-g' '-feliminate-unused-debug-types' '-fdebug-prefix-map=/home/cym/yocto/yocto/build_x11/tmp/work/x86_64-nativesdk-pokysdk-linux/meta-environment-imx6ull14x14evk/1.0-r8=/usr/src/debug/meta-environment-imx6ull14x14evk/1.0-r8' '-fdebug-prefix-map=/home/cym/yocto/yocto/build_x11/tmp/sysroots/x86_64-linux=' '-fdebug-prefix-map=/home/cym/yocto/yocto/build_x11/tmp/sysroots/x86_64-nativesdk-pokysdk-linux=' '-v' '-o' 'CMakeFiles/cmTC_f9177.dir/CMakeCXXCompilerABI.cpp.o' '-c' '-shared-libgcc' '-mtls-dialect=gnu'
[2/2] Linking CXX executable cmTC_f9177
Using built-in specs.
COLLECT_GCC=/opt/fsl-imx-x11/4.1.15-2.1.0/sysroots/x86_64-pokysdk-linux/usr/bin/arm-poky-linux-gnueabi/arm-poky-linux-gnueabi-g++
COLLECT_LTO_WRAPPER=/opt/fsl-imx-x11/4.1.15-2.1.0/sysroots/x86_64-pokysdk-linux/usr/libexec/arm-poky-linux-gnueabi/gcc/arm-poky-linux-gnueabi/5.3.0/lto-wrapper
Target: arm-poky-linux-gnueabi
Configured with: ../../../../../../work-shared/gcc-5.3.0-r0/gcc-5.3.0/configure --build=x86_64-linux --host=x86_64-pokysdk-linux --target=arm-poky-linux-gnueabi --prefix=/opt/fsl-imx-x11/4.1.15-2.1.0/sysroots/x86_64-pokysdk-linux/usr --exec_prefix=/opt/fsl-imx-x11/4.1.15-2.1.0/sysroots/x86_64-pokysdk-linux/usr --bindir=/opt/fsl-imx-x11/4.1.15-2.1.0/sysroots/x86_64-pokysdk-linux/usr/bin/arm-poky-linux-gnueabi --sbindir=/opt/fsl-imx-x11/4.1.15-2.1.0/sysroots/x86_64-pokysdk-linux/usr/bin/arm-poky-linux-gnueabi --libexecdir=/opt/fsl-imx-x11/4.1.15-2.1.0/sysroots/x86_64-pokysdk-linux/usr/libexec/arm-poky-linux-gnueabi --datadir=/opt/fsl-imx-x11/4.1.15-2.1.0/sysroots/x86_64-pokysdk-linux/usr/share --sysconfdir=/opt/fsl-imx-x11/4.1.15-2.1.0/sysroots/x86_64-pokysdk-linux/etc --sharedstatedir=/opt/fsl-imx-x11/4.1.15-2.1.0/sysroots/x86_64-pokysdk-linux/com --localstatedir=/opt/fsl-imx-x11/4.1.15-2.1.0/sysroots/x86_64-pokysdk-linux/var --libdir=/opt/fsl-imx-x11/4.1.15-2.1.0/sysroots/x86_64-pokysdk-linux/usr/lib/arm-poky-linux-gnueabi --includedir=/opt/fsl-imx-x11/4.1.15-2.1.0/sysroots/x86_64-pokysdk-linux/usr/include --oldincludedir=/opt/fsl-imx-x11/4.1.15-2.1.0/sysroots/x86_64-pokysdk-linux/usr/include --infodir=/opt/fsl-imx-x11/4.1.15-2.1.0/sysroots/x86_64-pokysdk-linux/usr/share/info --mandir=/opt/fsl-imx-x11/4.1.15-2.1.0/sysroots/x86_64-pokysdk-linux/usr/share/man --disable-silent-rules --disable-dependency-tracking --with-libtool-sysroot=/home/cym/yocto/yocto/build_x11/tmp/sysroots/x86_64-nativesdk-pokysdk-linux --with-gnu-ld --enable-shared --enable-languages=c,c++ --enable-threads=posix --enable-multilib --enable-c99 --enable-long-long --enable-symvers=gnu --enable-libstdcxx-pch --program-prefix=arm-poky-linux-gnueabi- --without-local-prefix --enable-lto --enable-libssp --enable-libitm --disable-bootstrap --disable-libmudflap --with-system-zlib --with-linker-hash-style=gnu --enable-linker-build-id --with-ppl=no --with-cloog=no --enable-checking=release --enable-cheaders=c_global --without-isl --with-gxx-include-dir=/not/exist/usr/include/c++/5.3.0 --with-build-time-tools=/home/cym/yocto/yocto/build_x11/tmp/sysroots/x86_64-linux/usr/arm-poky-linux-gnueabi/bin --with-sysroot=/not/exist --with-build-sysroot=/home/cym/yocto/yocto/build_x11/tmp/sysroots/imx6ull14x14evk --enable-poison-system-directories --with-mpfr=/home/cym/yocto/yocto/build_x11/tmp/sysroots/x86_64-nativesdk-pokysdk-linux --with-mpc=/home/cym/yocto/yocto/build_x11/tmp/sysroots/x86_64-nativesdk-pokysdk-linux --enable-nls --with-arch=armv7-a
Thread model: posix
gcc version 5.3.0 (GCC) 
COMPILER_PATH=/opt/fsl-imx-x11/4.1.15-2.1.0/sysroots/x86_64-pokysdk-linux/usr/libexec/arm-poky-linux-gnueabi/gcc/arm-poky-linux-gnueabi/5.3.0/:/opt/fsl-imx-x11/4.1.15-2.1.0/sysroots/x86_64-pokysdk-linux/usr/libexec/arm-poky-linux-gnueabi/gcc/arm-poky-linux-gnueabi/5.3.0/:/opt/fsl-imx-x11/4.1.15-2.1.0/sysroots/x86_64-pokysdk-linux/usr/libexec/arm-poky-linux-gnueabi/gcc/arm-poky-linux-gnueabi/:/opt/fsl-imx-x11/4.1.15-2.1.0/sysroots/x86_64-pokysdk-linux/usr/lib/arm-poky-linux-gnueabi/gcc/arm-poky-linux-gnueabi/5.3.0/:/opt/fsl-imx-x11/4.1.15-2.1.0/sysroots/x86_64-pokysdk-linux/usr/lib/arm-poky-linux-gnueabi/gcc/arm-poky-linux-gnueabi/
LIBRARY_PATH=/opt/fsl-imx-x11/4.1.15-2.1.0/sysroots/x86_64-pokysdk-linux/usr/lib/arm-poky-linux-gnueabi/gcc/arm-poky-linux-gnueabi/5.3.0/:/opt/fsl-imx-x11/4.1.15-2.1.0/sysroots/cortexa7hf-neon-poky-linux-gnueabi/lib/:/opt/fsl-imx-x11/4.1.15-2.1.0/sysroots/cortexa7hf-neon-poky-linux-gnueabi/usr/lib/arm-poky-linux-gnueabi/5.3.0/:/opt/fsl-imx-x11/4.1.15-2.1.0/sysroots/cortexa7hf-neon-poky-linux-gnueabi/usr/lib/
COLLECT_GCC_OPTIONS='--sysroot=/opt/fsl-imx-x11/4.1.15-2.1.0/sysroots/cortexa7hf-neon-poky-linux-gnueabi' '-march=armv7ve' '-mfpu=neon' '-mfloat-abi=hard' '-mcpu=cortex-a7' '-O2' '-pipe' '-g' '-feliminate-unused-debug-types' '-fdebug-prefix-map=/home/cym/yocto/yocto/build_x11/tmp/work/x86_64-nativesdk-pokysdk-linux/meta-environment-imx6ull14x14evk/1.0-r8=/usr/src/debug/meta-environment-imx6ull14x14evk/1.0-r8' '-fdebug-prefix-map=/home/cym/yocto/yocto/build_x11/tmp/sysroots/x86_64-linux=' '-fdebug-prefix-map=/home/cym/yocto/yocto/build_x11/tmp/sysroots/x86_64-nativesdk-pokysdk-linux=' '-v' '-rdynamic' '-o' 'cmTC_f9177' '-shared-libgcc' '-mtls-dialect=gnu'
 /opt/fsl-imx-x11/4.1.15-2.1.0/sysroots/x86_64-pokysdk-linux/usr/libexec/arm-poky-linux-gnueabi/gcc/arm-poky-linux-gnueabi/5.3.0/collect2 -plugin /opt/fsl-imx-x11/4.1.15-2.1.0/sysroots/x86_64-pokysdk-linux/usr/libexec/arm-poky-linux-gnueabi/gcc/arm-poky-linux-gnueabi/5.3.0/liblto_plugin.so -plugin-opt=/opt/fsl-imx-x11/4.1.15-2.1.0/sysroots/x86_64-pokysdk-linux/usr/libexec/arm-poky-linux-gnueabi/gcc/arm-poky-linux-gnueabi/5.3.0/lto-wrapper -plugin-opt=-fresolution=/tmp/cckDx4mQ.res -plugin-opt=-pass-through=-lgcc_s -plugin-opt=-pass-through=-lgcc -plugin-opt=-pass-through=-lc -plugin-opt=-pass-through=-lgcc_s -plugin-opt=-pass-through=-lgcc --sysroot=/opt/fsl-imx-x11/4.1.15-2.1.0/sysroots/cortexa7hf-neon-poky-linux-gnueabi --build-id --eh-frame-hdr --hash-style=gnu -export-dynamic -dynamic-linker /lib/ld-linux-armhf.so.3 -X -m armelf_linux_eabi -o cmTC_f9177 /opt/fsl-imx-x11/4.1.15-2.1.0/sysroots/cortexa7hf-neon-poky-linux-gnueabi/usr/lib/crt1.o /opt/fsl-imx-x11/4.1.15-2.1.0/sysroots/cortexa7hf-neon-poky-linux-gnueabi/usr/lib/crti.o /opt/fsl-imx-x11/4.1.15-2.1.0/sysroots/cortexa7hf-neon-poky-linux-gnueabi/usr/lib/arm-poky-linux-gnueabi/5.3.0/crtbegin.o -L/opt/fsl-imx-x11/4.1.15-2.1.0/sysroots/x86_64-pokysdk-linux/usr/lib/arm-poky-linux-gnueabi/gcc/arm-poky-linux-gnueabi/5.3.0 -L/opt/fsl-imx-x11/4.1.15-2.1.0/sysroots/cortexa7hf-neon-poky-linux-gnueabi/lib -L/opt/fsl-imx-x11/4.1.15-2.1.0/sysroots/cortexa7hf-neon-poky-linux-gnueabi/usr/lib/arm-poky-linux-gnueabi/5.3.0 -L/opt/fsl-imx-x11/4.1.15-2.1.0/sysroots/cortexa7hf-neon-poky-linux-gnueabi/usr/lib -O1 --hash-style=gnu --as-needed CMakeFiles/cmTC_f9177.dir/CMakeCXXCompilerABI.cpp.o -lstdc++ -lm -lgcc_s -lgcc -lc -lgcc_s -lgcc /opt/fsl-imx-x11/4.1.15-2.1.0/sysroots/cortexa7hf-neon-poky-linux-gnueabi/usr/lib/arm-poky-linux-gnueabi/5.3.0/crtend.o /opt/fsl-imx-x11/4.1.15-2.1.0/sysroots/cortexa7hf-neon-poky-linux-gnueabi/usr/lib/crtn.o



Parsed CXX implicit include dir info from above output: rv=done
  found start of include info
  found start of implicit include info
    add: [/opt/fsl-imx-x11/4.1.15-2.1.0/sysroots/cortexa7hf-neon-poky-linux-gnueabi/usr/include/c++/5.3.0]
    add: [/opt/fsl-imx-x11/4.1.15-2.1.0/sysroots/cortexa7hf-neon-poky-linux-gnueabi/usr/include/c++/5.3.0/arm-poky-linux-gnueabi]
    add: [/opt/fsl-imx-x11/4.1.15-2.1.0/sysroots/cortexa7hf-neon-poky-linux-gnueabi/usr/include/c++/5.3.0/backward]
    add: [/opt/fsl-imx-x11/4.1.15-2.1.0/sysroots/x86_64-pokysdk-linux/usr/lib/arm-poky-linux-gnueabi/gcc/arm-poky-linux-gnueabi/5.3.0/include]
    add: [/opt/fsl-imx-x11/4.1.15-2.1.0/sysroots/x86_64-pokysdk-linux/usr/lib/arm-poky-linux-gnueabi/gcc/arm-poky-linux-gnueabi/5.3.0/include-fixed]
    add: [/opt/fsl-imx-x11/4.1.15-2.1.0/sysroots/cortexa7hf-neon-poky-linux-gnueabi/usr/include]
  end of search list found
  collapse include dir [/opt/fsl-imx-x11/4.1.15-2.1.0/sysroots/cortexa7hf-neon-poky-linux-gnueabi/usr/include/c++/5.3.0] ==> [/opt/fsl-imx-x11/4.1.15-2.1.0/sysroots/cortexa7hf-neon-poky-linux-gnueabi/usr/include/c++/5.3.0]
  collapse include dir [/opt/fsl-imx-x11/4.1.15-2.1.0/sysroots/cortexa7hf-neon-poky-linux-gnueabi/usr/include/c++/5.3.0/arm-poky-linux-gnueabi] ==> [/opt/fsl-imx-x11/4.1.15-2.1.0/sysroots/cortexa7hf-neon-poky-linux-gnueabi/usr/include/c++/5.3.0/arm-poky-linux-gnueabi]
  collapse include dir [/opt/fsl-imx-x11/4.1.15-2.1.0/sysroots/cortexa7hf-neon-poky-linux-gnueabi/usr/include/c++/5.3.0/backward] ==> [/opt/fsl-imx-x11/4.1.15-2.1.0/sysroots/cortexa7hf-neon-poky-linux-gnueabi/usr/include/c++/5.3.0/backward]
  collapse include dir [/opt/fsl-imx-x11/4.1.15-2.1.0/sysroots/x86_64-pokysdk-linux/usr/lib/arm-poky-linux-gnueabi/gcc/arm-poky-linux-gnueabi/5.3.0/include] ==> [/opt/fsl-imx-x11/4.1.15-2.1.0/sysroots/x86_64-pokysdk-linux/usr/lib/arm-poky-linux-gnueabi/gcc/arm-poky-linux-gnueabi/5.3.0/include]
  collapse include dir [/opt/fsl-imx-x11/4.1.15-2.1.0/sysroots/x86_64-pokysdk-linux/usr/lib/arm-poky-linux-gnueabi/gcc/arm-poky-linux-gnueabi/5.3.0/include-fixed] ==> [/opt/fsl-imx-x11/4.1.15-2.1.0/sysroots/x86_64-pokysdk-linux/usr/lib/arm-poky-linux-gnueabi/gcc/arm-poky-linux-gnueabi/5.3.0/include-fixed]
  collapse include dir [/opt/fsl-imx-x11/4.1.15-2.1.0/sysroots/cortexa7hf-neon-poky-linux-gnueabi/usr/include] ==> [/opt/fsl-imx-x11/4.1.15-2.1.0/sysroots/cortexa7hf-neon-poky-linux-gnueabi/usr/include]
  implicit include dirs: [/opt/fsl-imx-x11/4.1.15-2.1.0/sysroots/cortexa7hf-neon-poky-linux-gnueabi/usr/include/c++/5.3.0;/opt/fsl-imx-x11/4.1.15-2.1.0/sysroots/cortexa7hf-neon-poky-linux-gnueabi/usr/include/c++/5.3.0/arm-poky-linux-gnueabi;/opt/fsl-imx-x11/4.1.15-2.1.0/sysroots/cortexa7hf-neon-poky-linux-gnueabi/usr/include/c++/5.3.0/backward;/opt/fsl-imx-x11/4.1.15-2.1.0/sysroots/x86_64-pokysdk-linux/usr/lib/arm-poky-linux-gnueabi/gcc/arm-poky-linux-gnueabi/5.3.0/include;/opt/fsl-imx-x11/4.1.15-2.1.0/sysroots/x86_64-pokysdk-linux/usr/lib/arm-poky-linux-gnueabi/gcc/arm-poky-linux-gnueabi/5.3.0/include-fixed;/opt/fsl-imx-x11/4.1.15-2.1.0/sysroots/cortexa7hf-neon-poky-linux-gnueabi/usr/include]


Parsed CXX implicit link information from above output:
  link line regex: [^( *|.*[/\])(ld|CMAKE_LINK_STARTFILE-NOTFOUND|([^/\]+-)?ld|collect2)[^/\]*( |$)]
  ignore line: [Change Dir: /home/syq/上海洋明1 电表采集/shym1_meter/build/CMakeFiles/CMakeTmp]
  ignore line: []
  ignore line: [Run Build Command(s):/usr/bin/ninja cmTC_f9177 && [1/2] Building CXX object CMakeFiles/cmTC_f9177.dir/CMakeCXXCompilerABI.cpp.o]
  ignore line: [Using built-in specs.]
  ignore line: [COLLECT_GCC=/opt/fsl-imx-x11/4.1.15-2.1.0/sysroots/x86_64-pokysdk-linux/usr/bin/arm-poky-linux-gnueabi/arm-poky-linux-gnueabi-g++]
  ignore line: [Target: arm-poky-linux-gnueabi]
  ignore line: [Configured with: ../../../../../../work-shared/gcc-5.3.0-r0/gcc-5.3.0/configure --build=x86_64-linux --host=x86_64-pokysdk-linux --target=arm-poky-linux-gnueabi --prefix=/opt/fsl-imx-x11/4.1.15-2.1.0/sysroots/x86_64-pokysdk-linux/usr --exec_prefix=/opt/fsl-imx-x11/4.1.15-2.1.0/sysroots/x86_64-pokysdk-linux/usr --bindir=/opt/fsl-imx-x11/4.1.15-2.1.0/sysroots/x86_64-pokysdk-linux/usr/bin/arm-poky-linux-gnueabi --sbindir=/opt/fsl-imx-x11/4.1.15-2.1.0/sysroots/x86_64-pokysdk-linux/usr/bin/arm-poky-linux-gnueabi --libexecdir=/opt/fsl-imx-x11/4.1.15-2.1.0/sysroots/x86_64-pokysdk-linux/usr/libexec/arm-poky-linux-gnueabi --datadir=/opt/fsl-imx-x11/4.1.15-2.1.0/sysroots/x86_64-pokysdk-linux/usr/share --sysconfdir=/opt/fsl-imx-x11/4.1.15-2.1.0/sysroots/x86_64-pokysdk-linux/etc --sharedstatedir=/opt/fsl-imx-x11/4.1.15-2.1.0/sysroots/x86_64-pokysdk-linux/com --localstatedir=/opt/fsl-imx-x11/4.1.15-2.1.0/sysroots/x86_64-pokysdk-linux/var --libdir=/opt/fsl-imx-x11/4.1.15-2.1.0/sysroots/x86_64-pokysdk-linux/usr/lib/arm-poky-linux-gnueabi --includedir=/opt/fsl-imx-x11/4.1.15-2.1.0/sysroots/x86_64-pokysdk-linux/usr/include --oldincludedir=/opt/fsl-imx-x11/4.1.15-2.1.0/sysroots/x86_64-pokysdk-linux/usr/include --infodir=/opt/fsl-imx-x11/4.1.15-2.1.0/sysroots/x86_64-pokysdk-linux/usr/share/info --mandir=/opt/fsl-imx-x11/4.1.15-2.1.0/sysroots/x86_64-pokysdk-linux/usr/share/man --disable-silent-rules --disable-dependency-tracking --with-libtool-sysroot=/home/cym/yocto/yocto/build_x11/tmp/sysroots/x86_64-nativesdk-pokysdk-linux --with-gnu-ld --enable-shared --enable-languages=c,c++ --enable-threads=posix --enable-multilib --enable-c99 --enable-long-long --enable-symvers=gnu --enable-libstdcxx-pch --program-prefix=arm-poky-linux-gnueabi- --without-local-prefix --enable-lto --enable-libssp --enable-libitm --disable-bootstrap --disable-libmudflap --with-system-zlib --with-linker-hash-style=gnu --enable-linker-build-id --with-ppl=no --with-cloog=no --enable-checking=release --enable-cheaders=c_global --without-isl --with-gxx-include-dir=/not/exist/usr/include/c++/5.3.0 --with-build-time-tools=/home/cym/yocto/yocto/build_x11/tmp/sysroots/x86_64-linux/usr/arm-poky-linux-gnueabi/bin --with-sysroot=/not/exist --with-build-sysroot=/home/cym/yocto/yocto/build_x11/tmp/sysroots/imx6ull14x14evk --enable-poison-system-directories --with-mpfr=/home/cym/yocto/yocto/build_x11/tmp/sysroots/x86_64-nativesdk-pokysdk-linux --with-mpc=/home/cym/yocto/yocto/build_x11/tmp/sysroots/x86_64-nativesdk-pokysdk-linux --enable-nls --with-arch=armv7-a]
  ignore line: [Thread model: posix]
  ignore line: [gcc version 5.3.0 (GCC) ]
  ignore line: [COLLECT_GCC_OPTIONS='--sysroot=/opt/fsl-imx-x11/4.1.15-2.1.0/sysroots/cortexa7hf-neon-poky-linux-gnueabi' '-march=armv7ve' '-mfpu=neon' '-mfloat-abi=hard' '-mcpu=cortex-a7' '-O2' '-pipe' '-g' '-feliminate-unused-debug-types' '-fdebug-prefix-map=/home/cym/yocto/yocto/build_x11/tmp/work/x86_64-nativesdk-pokysdk-linux/meta-environment-imx6ull14x14evk/1.0-r8=/usr/src/debug/meta-environment-imx6ull14x14evk/1.0-r8' '-fdebug-prefix-map=/home/cym/yocto/yocto/build_x11/tmp/sysroots/x86_64-linux=' '-fdebug-prefix-map=/home/cym/yocto/yocto/build_x11/tmp/sysroots/x86_64-nativesdk-pokysdk-linux=' '-v' '-o' 'CMakeFiles/cmTC_f9177.dir/CMakeCXXCompilerABI.cpp.o' '-c' '-shared-libgcc' '-mtls-dialect=gnu']
  ignore line: [ /opt/fsl-imx-x11/4.1.15-2.1.0/sysroots/x86_64-pokysdk-linux/usr/libexec/arm-poky-linux-gnueabi/gcc/arm-poky-linux-gnueabi/5.3.0/cc1plus -quiet -v -isysroot /opt/fsl-imx-x11/4.1.15-2.1.0/sysroots/cortexa7hf-neon-poky-linux-gnueabi -D_GNU_SOURCE /usr/share/cmake-3.16/Modules/CMakeCXXCompilerABI.cpp -quiet -dumpbase CMakeCXXCompilerABI.cpp -march=armv7ve -mfpu=neon -mfloat-abi=hard -mcpu=cortex-a7 -mtls-dialect=gnu -auxbase-strip CMakeFiles/cmTC_f9177.dir/CMakeCXXCompilerABI.cpp.o -g -O2 -version -feliminate-unused-debug-types -fdebug-prefix-map=/home/cym/yocto/yocto/build_x11/tmp/work/x86_64-nativesdk-pokysdk-linux/meta-environment-imx6ull14x14evk/1.0-r8=/usr/src/debug/meta-environment-imx6ull14x14evk/1.0-r8 -fdebug-prefix-map=/home/cym/yocto/yocto/build_x11/tmp/sysroots/x86_64-linux= -fdebug-prefix-map=/home/cym/yocto/yocto/build_x11/tmp/sysroots/x86_64-nativesdk-pokysdk-linux= -o - |]
  ignore line: [ /opt/fsl-imx-x11/4.1.15-2.1.0/sysroots/x86_64-pokysdk-linux/usr/libexec/arm-poky-linux-gnueabi/gcc/arm-poky-linux-gnueabi/5.3.0/as -v -march=armv7ve -mcpu=cortex-a7 -mfloat-abi=hard -mfpu=neon -meabi=5 -o CMakeFiles/cmTC_f9177.dir/CMakeCXXCompilerABI.cpp.o]
  ignore line: [GNU assembler version 2.26.0 (arm-poky-linux-gnueabi) using BFD version (GNU Binutils) 2.26.0.20160214]
  ignore line: [GNU C++ (GCC) version 5.3.0 (arm-poky-linux-gnueabi)]
  ignore line: [	compiled by GNU C version 5.3.0  GMP version 6.1.0  MPFR version 3.1.3  MPC version 1.0.3]
  ignore line: [GGC heuristics: --param ggc-min-expand=100 --param ggc-min-heapsize=131072]
  ignore line: [ignoring nonexistent directory "/opt/fsl-imx-x11/4.1.15-2.1.0/sysroots/cortexa7hf-neon-poky-linux-gnueabi/usr/lib/gcc/arm-poky-linux-gnueabi/5.3.0/include"]
  ignore line: [ignoring nonexistent directory "/opt/fsl-imx-x11/4.1.15-2.1.0/sysroots/cortexa7hf-neon-poky-linux-gnueabi/usr/local/include"]
  ignore line: [ignoring nonexistent directory "/opt/fsl-imx-x11/4.1.15-2.1.0/sysroots/x86_64-pokysdk-linux/usr/lib/arm-poky-linux-gnueabi/gcc/arm-poky-linux-gnueabi/5.3.0/../../../../../arm-poky-linux-gnueabi/include"]
  ignore line: [#include "..." search starts here:]
  ignore line: [#include <...> search starts here:]
  ignore line: [ /opt/fsl-imx-x11/4.1.15-2.1.0/sysroots/cortexa7hf-neon-poky-linux-gnueabi/usr/include/c++/5.3.0]
  ignore line: [ /opt/fsl-imx-x11/4.1.15-2.1.0/sysroots/cortexa7hf-neon-poky-linux-gnueabi/usr/include/c++/5.3.0/arm-poky-linux-gnueabi]
  ignore line: [ /opt/fsl-imx-x11/4.1.15-2.1.0/sysroots/cortexa7hf-neon-poky-linux-gnueabi/usr/include/c++/5.3.0/backward]
  ignore line: [ /opt/fsl-imx-x11/4.1.15-2.1.0/sysroots/x86_64-pokysdk-linux/usr/lib/arm-poky-linux-gnueabi/gcc/arm-poky-linux-gnueabi/5.3.0/include]
  ignore line: [ /opt/fsl-imx-x11/4.1.15-2.1.0/sysroots/x86_64-pokysdk-linux/usr/lib/arm-poky-linux-gnueabi/gcc/arm-poky-linux-gnueabi/5.3.0/include-fixed]
  ignore line: [ /opt/fsl-imx-x11/4.1.15-2.1.0/sysroots/cortexa7hf-neon-poky-linux-gnueabi/usr/include]
  ignore line: [End of search list.]
  ignore line: [GNU C++ (GCC) version 5.3.0 (arm-poky-linux-gnueabi)]
  ignore line: [	compiled by GNU C version 5.3.0  GMP version 6.1.0  MPFR version 3.1.3  MPC version 1.0.3]
  ignore line: [GGC heuristics: --param ggc-min-expand=100 --param ggc-min-heapsize=131072]
  ignore line: [Compiler executable checksum: c862a1076d275f9ef4383604ce2b39ce]
  ignore line: [COMPILER_PATH=/opt/fsl-imx-x11/4.1.15-2.1.0/sysroots/x86_64-pokysdk-linux/usr/libexec/arm-poky-linux-gnueabi/gcc/arm-poky-linux-gnueabi/5.3.0/:/opt/fsl-imx-x11/4.1.15-2.1.0/sysroots/x86_64-pokysdk-linux/usr/libexec/arm-poky-linux-gnueabi/gcc/arm-poky-linux-gnueabi/5.3.0/:/opt/fsl-imx-x11/4.1.15-2.1.0/sysroots/x86_64-pokysdk-linux/usr/libexec/arm-poky-linux-gnueabi/gcc/arm-poky-linux-gnueabi/:/opt/fsl-imx-x11/4.1.15-2.1.0/sysroots/x86_64-pokysdk-linux/usr/lib/arm-poky-linux-gnueabi/gcc/arm-poky-linux-gnueabi/5.3.0/:/opt/fsl-imx-x11/4.1.15-2.1.0/sysroots/x86_64-pokysdk-linux/usr/lib/arm-poky-linux-gnueabi/gcc/arm-poky-linux-gnueabi/]
  ignore line: [LIBRARY_PATH=/opt/fsl-imx-x11/4.1.15-2.1.0/sysroots/x86_64-pokysdk-linux/usr/lib/arm-poky-linux-gnueabi/gcc/arm-poky-linux-gnueabi/5.3.0/:/opt/fsl-imx-x11/4.1.15-2.1.0/sysroots/cortexa7hf-neon-poky-linux-gnueabi/lib/:/opt/fsl-imx-x11/4.1.15-2.1.0/sysroots/cortexa7hf-neon-poky-linux-gnueabi/usr/lib/arm-poky-linux-gnueabi/5.3.0/:/opt/fsl-imx-x11/4.1.15-2.1.0/sysroots/cortexa7hf-neon-poky-linux-gnueabi/usr/lib/]
  ignore line: [COLLECT_GCC_OPTIONS='--sysroot=/opt/fsl-imx-x11/4.1.15-2.1.0/sysroots/cortexa7hf-neon-poky-linux-gnueabi' '-march=armv7ve' '-mfpu=neon' '-mfloat-abi=hard' '-mcpu=cortex-a7' '-O2' '-pipe' '-g' '-feliminate-unused-debug-types' '-fdebug-prefix-map=/home/cym/yocto/yocto/build_x11/tmp/work/x86_64-nativesdk-pokysdk-linux/meta-environment-imx6ull14x14evk/1.0-r8=/usr/src/debug/meta-environment-imx6ull14x14evk/1.0-r8' '-fdebug-prefix-map=/home/cym/yocto/yocto/build_x11/tmp/sysroots/x86_64-linux=' '-fdebug-prefix-map=/home/cym/yocto/yocto/build_x11/tmp/sysroots/x86_64-nativesdk-pokysdk-linux=' '-v' '-o' 'CMakeFiles/cmTC_f9177.dir/CMakeCXXCompilerABI.cpp.o' '-c' '-shared-libgcc' '-mtls-dialect=gnu']
  ignore line: [[2/2] Linking CXX executable cmTC_f9177]
  ignore line: [Using built-in specs.]
  ignore line: [COLLECT_GCC=/opt/fsl-imx-x11/4.1.15-2.1.0/sysroots/x86_64-pokysdk-linux/usr/bin/arm-poky-linux-gnueabi/arm-poky-linux-gnueabi-g++]
  ignore line: [COLLECT_LTO_WRAPPER=/opt/fsl-imx-x11/4.1.15-2.1.0/sysroots/x86_64-pokysdk-linux/usr/libexec/arm-poky-linux-gnueabi/gcc/arm-poky-linux-gnueabi/5.3.0/lto-wrapper]
  ignore line: [Target: arm-poky-linux-gnueabi]
  ignore line: [Configured with: ../../../../../../work-shared/gcc-5.3.0-r0/gcc-5.3.0/configure --build=x86_64-linux --host=x86_64-pokysdk-linux --target=arm-poky-linux-gnueabi --prefix=/opt/fsl-imx-x11/4.1.15-2.1.0/sysroots/x86_64-pokysdk-linux/usr --exec_prefix=/opt/fsl-imx-x11/4.1.15-2.1.0/sysroots/x86_64-pokysdk-linux/usr --bindir=/opt/fsl-imx-x11/4.1.15-2.1.0/sysroots/x86_64-pokysdk-linux/usr/bin/arm-poky-linux-gnueabi --sbindir=/opt/fsl-imx-x11/4.1.15-2.1.0/sysroots/x86_64-pokysdk-linux/usr/bin/arm-poky-linux-gnueabi --libexecdir=/opt/fsl-imx-x11/4.1.15-2.1.0/sysroots/x86_64-pokysdk-linux/usr/libexec/arm-poky-linux-gnueabi --datadir=/opt/fsl-imx-x11/4.1.15-2.1.0/sysroots/x86_64-pokysdk-linux/usr/share --sysconfdir=/opt/fsl-imx-x11/4.1.15-2.1.0/sysroots/x86_64-pokysdk-linux/etc --sharedstatedir=/opt/fsl-imx-x11/4.1.15-2.1.0/sysroots/x86_64-pokysdk-linux/com --localstatedir=/opt/fsl-imx-x11/4.1.15-2.1.0/sysroots/x86_64-pokysdk-linux/var --libdir=/opt/fsl-imx-x11/4.1.15-2.1.0/sysroots/x86_64-pokysdk-linux/usr/lib/arm-poky-linux-gnueabi --includedir=/opt/fsl-imx-x11/4.1.15-2.1.0/sysroots/x86_64-pokysdk-linux/usr/include --oldincludedir=/opt/fsl-imx-x11/4.1.15-2.1.0/sysroots/x86_64-pokysdk-linux/usr/include --infodir=/opt/fsl-imx-x11/4.1.15-2.1.0/sysroots/x86_64-pokysdk-linux/usr/share/info --mandir=/opt/fsl-imx-x11/4.1.15-2.1.0/sysroots/x86_64-pokysdk-linux/usr/share/man --disable-silent-rules --disable-dependency-tracking --with-libtool-sysroot=/home/cym/yocto/yocto/build_x11/tmp/sysroots/x86_64-nativesdk-pokysdk-linux --with-gnu-ld --enable-shared --enable-languages=c,c++ --enable-threads=posix --enable-multilib --enable-c99 --enable-long-long --enable-symvers=gnu --enable-libstdcxx-pch --program-prefix=arm-poky-linux-gnueabi- --without-local-prefix --enable-lto --enable-libssp --enable-libitm --disable-bootstrap --disable-libmudflap --with-system-zlib --with-linker-hash-style=gnu --enable-linker-build-id --with-ppl=no --with-cloog=no --enable-checking=release --enable-cheaders=c_global --without-isl --with-gxx-include-dir=/not/exist/usr/include/c++/5.3.0 --with-build-time-tools=/home/cym/yocto/yocto/build_x11/tmp/sysroots/x86_64-linux/usr/arm-poky-linux-gnueabi/bin --with-sysroot=/not/exist --with-build-sysroot=/home/cym/yocto/yocto/build_x11/tmp/sysroots/imx6ull14x14evk --enable-poison-system-directories --with-mpfr=/home/cym/yocto/yocto/build_x11/tmp/sysroots/x86_64-nativesdk-pokysdk-linux --with-mpc=/home/cym/yocto/yocto/build_x11/tmp/sysroots/x86_64-nativesdk-pokysdk-linux --enable-nls --with-arch=armv7-a]
  ignore line: [Thread model: posix]
  ignore line: [gcc version 5.3.0 (GCC) ]
  ignore line: [COMPILER_PATH=/opt/fsl-imx-x11/4.1.15-2.1.0/sysroots/x86_64-pokysdk-linux/usr/libexec/arm-poky-linux-gnueabi/gcc/arm-poky-linux-gnueabi/5.3.0/:/opt/fsl-imx-x11/4.1.15-2.1.0/sysroots/x86_64-pokysdk-linux/usr/libexec/arm-poky-linux-gnueabi/gcc/arm-poky-linux-gnueabi/5.3.0/:/opt/fsl-imx-x11/4.1.15-2.1.0/sysroots/x86_64-pokysdk-linux/usr/libexec/arm-poky-linux-gnueabi/gcc/arm-poky-linux-gnueabi/:/opt/fsl-imx-x11/4.1.15-2.1.0/sysroots/x86_64-pokysdk-linux/usr/lib/arm-poky-linux-gnueabi/gcc/arm-poky-linux-gnueabi/5.3.0/:/opt/fsl-imx-x11/4.1.15-2.1.0/sysroots/x86_64-pokysdk-linux/usr/lib/arm-poky-linux-gnueabi/gcc/arm-poky-linux-gnueabi/]
  ignore line: [LIBRARY_PATH=/opt/fsl-imx-x11/4.1.15-2.1.0/sysroots/x86_64-pokysdk-linux/usr/lib/arm-poky-linux-gnueabi/gcc/arm-poky-linux-gnueabi/5.3.0/:/opt/fsl-imx-x11/4.1.15-2.1.0/sysroots/cortexa7hf-neon-poky-linux-gnueabi/lib/:/opt/fsl-imx-x11/4.1.15-2.1.0/sysroots/cortexa7hf-neon-poky-linux-gnueabi/usr/lib/arm-poky-linux-gnueabi/5.3.0/:/opt/fsl-imx-x11/4.1.15-2.1.0/sysroots/cortexa7hf-neon-poky-linux-gnueabi/usr/lib/]
  ignore line: [COLLECT_GCC_OPTIONS='--sysroot=/opt/fsl-imx-x11/4.1.15-2.1.0/sysroots/cortexa7hf-neon-poky-linux-gnueabi' '-march=armv7ve' '-mfpu=neon' '-mfloat-abi=hard' '-mcpu=cortex-a7' '-O2' '-pipe' '-g' '-feliminate-unused-debug-types' '-fdebug-prefix-map=/home/cym/yocto/yocto/build_x11/tmp/work/x86_64-nativesdk-pokysdk-linux/meta-environment-imx6ull14x14evk/1.0-r8=/usr/src/debug/meta-environment-imx6ull14x14evk/1.0-r8' '-fdebug-prefix-map=/home/cym/yocto/yocto/build_x11/tmp/sysroots/x86_64-linux=' '-fdebug-prefix-map=/home/cym/yocto/yocto/build_x11/tmp/sysroots/x86_64-nativesdk-pokysdk-linux=' '-v' '-rdynamic' '-o' 'cmTC_f9177' '-shared-libgcc' '-mtls-dialect=gnu']
  link line: [ /opt/fsl-imx-x11/4.1.15-2.1.0/sysroots/x86_64-pokysdk-linux/usr/libexec/arm-poky-linux-gnueabi/gcc/arm-poky-linux-gnueabi/5.3.0/collect2 -plugin /opt/fsl-imx-x11/4.1.15-2.1.0/sysroots/x86_64-pokysdk-linux/usr/libexec/arm-poky-linux-gnueabi/gcc/arm-poky-linux-gnueabi/5.3.0/liblto_plugin.so -plugin-opt=/opt/fsl-imx-x11/4.1.15-2.1.0/sysroots/x86_64-pokysdk-linux/usr/libexec/arm-poky-linux-gnueabi/gcc/arm-poky-linux-gnueabi/5.3.0/lto-wrapper -plugin-opt=-fresolution=/tmp/cckDx4mQ.res -plugin-opt=-pass-through=-lgcc_s -plugin-opt=-pass-through=-lgcc -plugin-opt=-pass-through=-lc -plugin-opt=-pass-through=-lgcc_s -plugin-opt=-pass-through=-lgcc --sysroot=/opt/fsl-imx-x11/4.1.15-2.1.0/sysroots/cortexa7hf-neon-poky-linux-gnueabi --build-id --eh-frame-hdr --hash-style=gnu -export-dynamic -dynamic-linker /lib/ld-linux-armhf.so.3 -X -m armelf_linux_eabi -o cmTC_f9177 /opt/fsl-imx-x11/4.1.15-2.1.0/sysroots/cortexa7hf-neon-poky-linux-gnueabi/usr/lib/crt1.o /opt/fsl-imx-x11/4.1.15-2.1.0/sysroots/cortexa7hf-neon-poky-linux-gnueabi/usr/lib/crti.o /opt/fsl-imx-x11/4.1.15-2.1.0/sysroots/cortexa7hf-neon-poky-linux-gnueabi/usr/lib/arm-poky-linux-gnueabi/5.3.0/crtbegin.o -L/opt/fsl-imx-x11/4.1.15-2.1.0/sysroots/x86_64-pokysdk-linux/usr/lib/arm-poky-linux-gnueabi/gcc/arm-poky-linux-gnueabi/5.3.0 -L/opt/fsl-imx-x11/4.1.15-2.1.0/sysroots/cortexa7hf-neon-poky-linux-gnueabi/lib -L/opt/fsl-imx-x11/4.1.15-2.1.0/sysroots/cortexa7hf-neon-poky-linux-gnueabi/usr/lib/arm-poky-linux-gnueabi/5.3.0 -L/opt/fsl-imx-x11/4.1.15-2.1.0/sysroots/cortexa7hf-neon-poky-linux-gnueabi/usr/lib -O1 --hash-style=gnu --as-needed CMakeFiles/cmTC_f9177.dir/CMakeCXXCompilerABI.cpp.o -lstdc++ -lm -lgcc_s -lgcc -lc -lgcc_s -lgcc /opt/fsl-imx-x11/4.1.15-2.1.0/sysroots/cortexa7hf-neon-poky-linux-gnueabi/usr/lib/arm-poky-linux-gnueabi/5.3.0/crtend.o /opt/fsl-imx-x11/4.1.15-2.1.0/sysroots/cortexa7hf-neon-poky-linux-gnueabi/usr/lib/crtn.o]
    arg [/opt/fsl-imx-x11/4.1.15-2.1.0/sysroots/x86_64-pokysdk-linux/usr/libexec/arm-poky-linux-gnueabi/gcc/arm-poky-linux-gnueabi/5.3.0/collect2] ==> ignore
    arg [-plugin] ==> ignore
    arg [/opt/fsl-imx-x11/4.1.15-2.1.0/sysroots/x86_64-pokysdk-linux/usr/libexec/arm-poky-linux-gnueabi/gcc/arm-poky-linux-gnueabi/5.3.0/liblto_plugin.so] ==> ignore
    arg [-plugin-opt=/opt/fsl-imx-x11/4.1.15-2.1.0/sysroots/x86_64-pokysdk-linux/usr/libexec/arm-poky-linux-gnueabi/gcc/arm-poky-linux-gnueabi/5.3.0/lto-wrapper] ==> ignore
    arg [-plugin-opt=-fresolution=/tmp/cckDx4mQ.res] ==> ignore
    arg [-plugin-opt=-pass-through=-lgcc_s] ==> ignore
    arg [-plugin-opt=-pass-through=-lgcc] ==> ignore
    arg [-plugin-opt=-pass-through=-lc] ==> ignore
    arg [-plugin-opt=-pass-through=-lgcc_s] ==> ignore
    arg [-plugin-opt=-pass-through=-lgcc] ==> ignore
    arg [--sysroot=/opt/fsl-imx-x11/4.1.15-2.1.0/sysroots/cortexa7hf-neon-poky-linux-gnueabi] ==> ignore
    arg [--build-id] ==> ignore
    arg [--eh-frame-hdr] ==> ignore
    arg [--hash-style=gnu] ==> ignore
    arg [-export-dynamic] ==> ignore
    arg [-dynamic-linker] ==> ignore
    arg [/lib/ld-linux-armhf.so.3] ==> ignore
    arg [-X] ==> ignore
    arg [-m] ==> ignore
    arg [armelf_linux_eabi] ==> ignore
    arg [-o] ==> ignore
    arg [cmTC_f9177] ==> ignore
    arg [/opt/fsl-imx-x11/4.1.15-2.1.0/sysroots/cortexa7hf-neon-poky-linux-gnueabi/usr/lib/crt1.o] ==> ignore
    arg [/opt/fsl-imx-x11/4.1.15-2.1.0/sysroots/cortexa7hf-neon-poky-linux-gnueabi/usr/lib/crti.o] ==> ignore
    arg [/opt/fsl-imx-x11/4.1.15-2.1.0/sysroots/cortexa7hf-neon-poky-linux-gnueabi/usr/lib/arm-poky-linux-gnueabi/5.3.0/crtbegin.o] ==> ignore
    arg [-L/opt/fsl-imx-x11/4.1.15-2.1.0/sysroots/x86_64-pokysdk-linux/usr/lib/arm-poky-linux-gnueabi/gcc/arm-poky-linux-gnueabi/5.3.0] ==> dir [/opt/fsl-imx-x11/4.1.15-2.1.0/sysroots/x86_64-pokysdk-linux/usr/lib/arm-poky-linux-gnueabi/gcc/arm-poky-linux-gnueabi/5.3.0]
    arg [-L/opt/fsl-imx-x11/4.1.15-2.1.0/sysroots/cortexa7hf-neon-poky-linux-gnueabi/lib] ==> dir [/opt/fsl-imx-x11/4.1.15-2.1.0/sysroots/cortexa7hf-neon-poky-linux-gnueabi/lib]
    arg [-L/opt/fsl-imx-x11/4.1.15-2.1.0/sysroots/cortexa7hf-neon-poky-linux-gnueabi/usr/lib/arm-poky-linux-gnueabi/5.3.0] ==> dir [/opt/fsl-imx-x11/4.1.15-2.1.0/sysroots/cortexa7hf-neon-poky-linux-gnueabi/usr/lib/arm-poky-linux-gnueabi/5.3.0]
    arg [-L/opt/fsl-imx-x11/4.1.15-2.1.0/sysroots/cortexa7hf-neon-poky-linux-gnueabi/usr/lib] ==> dir [/opt/fsl-imx-x11/4.1.15-2.1.0/sysroots/cortexa7hf-neon-poky-linux-gnueabi/usr/lib]
    arg [-O1] ==> ignore
    arg [--hash-style=gnu] ==> ignore
    arg [--as-needed] ==> ignore
    arg [CMakeFiles/cmTC_f9177.dir/CMakeCXXCompilerABI.cpp.o] ==> ignore
    arg [-lstdc++] ==> lib [stdc++]
    arg [-lm] ==> lib [m]
    arg [-lgcc_s] ==> lib [gcc_s]
    arg [-lgcc] ==> lib [gcc]
    arg [-lc] ==> lib [c]
    arg [-lgcc_s] ==> lib [gcc_s]
    arg [-lgcc] ==> lib [gcc]
    arg [/opt/fsl-imx-x11/4.1.15-2.1.0/sysroots/cortexa7hf-neon-poky-linux-gnueabi/usr/lib/arm-poky-linux-gnueabi/5.3.0/crtend.o] ==> ignore
    arg [/opt/fsl-imx-x11/4.1.15-2.1.0/sysroots/cortexa7hf-neon-poky-linux-gnueabi/usr/lib/crtn.o] ==> ignore
  collapse library dir [/opt/fsl-imx-x11/4.1.15-2.1.0/sysroots/x86_64-pokysdk-linux/usr/lib/arm-poky-linux-gnueabi/gcc/arm-poky-linux-gnueabi/5.3.0] ==> [/opt/fsl-imx-x11/4.1.15-2.1.0/sysroots/x86_64-pokysdk-linux/usr/lib/arm-poky-linux-gnueabi/gcc/arm-poky-linux-gnueabi/5.3.0]
  collapse library dir [/opt/fsl-imx-x11/4.1.15-2.1.0/sysroots/cortexa7hf-neon-poky-linux-gnueabi/lib] ==> [/opt/fsl-imx-x11/4.1.15-2.1.0/sysroots/cortexa7hf-neon-poky-linux-gnueabi/lib]
  collapse library dir [/opt/fsl-imx-x11/4.1.15-2.1.0/sysroots/cortexa7hf-neon-poky-linux-gnueabi/usr/lib/arm-poky-linux-gnueabi/5.3.0] ==> [/opt/fsl-imx-x11/4.1.15-2.1.0/sysroots/cortexa7hf-neon-poky-linux-gnueabi/usr/lib/arm-poky-linux-gnueabi/5.3.0]
  collapse library dir [/opt/fsl-imx-x11/4.1.15-2.1.0/sysroots/cortexa7hf-neon-poky-linux-gnueabi/usr/lib] ==> [/opt/fsl-imx-x11/4.1.15-2.1.0/sysroots/cortexa7hf-neon-poky-linux-gnueabi/usr/lib]
  implicit libs: [stdc++;m;gcc_s;gcc;c;gcc_s;gcc]
  implicit dirs: [/opt/fsl-imx-x11/4.1.15-2.1.0/sysroots/x86_64-pokysdk-linux/usr/lib/arm-poky-linux-gnueabi/gcc/arm-poky-linux-gnueabi/5.3.0;/opt/fsl-imx-x11/4.1.15-2.1.0/sysroots/cortexa7hf-neon-poky-linux-gnueabi/lib;/opt/fsl-imx-x11/4.1.15-2.1.0/sysroots/cortexa7hf-neon-poky-linux-gnueabi/usr/lib/arm-poky-linux-gnueabi/5.3.0;/opt/fsl-imx-x11/4.1.15-2.1.0/sysroots/cortexa7hf-neon-poky-linux-gnueabi/usr/lib]
  implicit fwks: []


